[2015-09-09 08:38:01] local.ERROR: exception 'ErrorException' with message 'include(C:\wamp\www\Projects\MDCMS/database/migrations/2015_09_04_110207_create_orders_table.php): failed to open stream: No such file or directory' in C:\wamp\www\Projects\MDCMS\vendor\composer\ClassLoader.php:412
Stack trace:
#0 C:\wamp\www\Projects\MDCMS\vendor\composer\ClassLoader.php(412): Illuminate\Foundation\Bootstrap\HandleExceptions->handleError(2, 'include(C:\\wamp...', 'C:\\wamp\\www\\Pro...', 412, Array)
#1 C:\wamp\www\Projects\MDCMS\vendor\composer\ClassLoader.php(412): Composer\Autoload\includeFile()
#2 C:\wamp\www\Projects\MDCMS\vendor\composer\ClassLoader.php(301): Composer\Autoload\includeFile('C:\\wamp\\www\\Pro...')
#3 [internal function]: Composer\Autoload\ClassLoader->loadClass('CreateOrdersTab...')
#4 C:\wamp\www\Projects\MDCMS\vendor\laravel\framework\src\Illuminate\Database\Migrations\Migrator.php(328): spl_autoload_call('CreateOrdersTab...')
#5 C:\wamp\www\Projects\MDCMS\vendor\laravel\framework\src\Illuminate\Database\Migrations\Migrator.php(219): Illuminate\Database\Migrations\Migrator->resolve('2015_09_04_1309...')
#6 C:\wamp\www\Projects\MDCMS\vendor\laravel\framework\src\Illuminate\Database\Migrations\Migrator.php(199): Illuminate\Database\Migrations\Migrator->runDown(Object(stdClass), false)
#7 C:\wamp\www\Projects\MDCMS\vendor\laravel\framework\src\Illuminate\Database\Console\Migrations\ResetCommand.php(66): Illuminate\Database\Migrations\Migrator->reset(false)
#8 [internal function]: Illuminate\Database\Console\Migrations\ResetCommand->fire()
#9 C:\wamp\www\Projects\MDCMS\vendor\laravel\framework\src\Illuminate\Container\Container.php(526): call_user_func_array(Array, Array)
#10 C:\wamp\www\Projects\MDCMS\vendor\laravel\framework\src\Illuminate\Console\Command.php(115): Illuminate\Container\Container->call(Array)
#11 C:\wamp\www\Projects\MDCMS\vendor\symfony\console\Symfony\Component\Console\Command\Command.php(257): Illuminate\Console\Command->execute(Object(Symfony\Component\Console\Input\ArrayInput), Object(Symfony\Component\Console\Output\ConsoleOutput))
#12 C:\wamp\www\Projects\MDCMS\vendor\laravel\framework\src\Illuminate\Console\Command.php(101): Symfony\Component\Console\Command\Command->run(Object(Symfony\Component\Console\Input\ArrayInput), Object(Symfony\Component\Console\Output\ConsoleOutput))
#13 C:\wamp\www\Projects\MDCMS\vendor\laravel\framework\src\Illuminate\Console\Command.php(131): Illuminate\Console\Command->run(Object(Symfony\Component\Console\Input\ArrayInput), Object(Symfony\Component\Console\Output\ConsoleOutput))
#14 C:\wamp\www\Projects\MDCMS\vendor\laravel\framework\src\Illuminate\Database\Console\Migrations\RefreshCommand.php(40): Illuminate\Console\Command->call('migrate:reset', Array)
#15 [internal function]: Illuminate\Database\Console\Migrations\RefreshCommand->fire()
#16 C:\wamp\www\Projects\MDCMS\vendor\laravel\framework\src\Illuminate\Container\Container.php(526): call_user_func_array(Array, Array)
#17 C:\wamp\www\Projects\MDCMS\vendor\laravel\framework\src\Illuminate\Console\Command.php(115): Illuminate\Container\Container->call(Array)
#18 C:\wamp\www\Projects\MDCMS\vendor\symfony\console\Symfony\Component\Console\Command\Command.php(257): Illuminate\Console\Command->execute(Object(Symfony\Component\Console\Input\ArgvInput), Object(Symfony\Component\Console\Output\ConsoleOutput))
#19 C:\wamp\www\Projects\MDCMS\vendor\laravel\framework\src\Illuminate\Console\Command.php(101): Symfony\Component\Console\Command\Command->run(Object(Symfony\Component\Console\Input\ArgvInput), Object(Symfony\Component\Console\Output\ConsoleOutput))
#20 C:\wamp\www\Projects\MDCMS\vendor\symfony\console\Symfony\Component\Console\Application.php(874): Illuminate\Console\Command->run(Object(Symfony\Component\Console\Input\ArgvInput), Object(Symfony\Component\Console\Output\ConsoleOutput))
#21 C:\wamp\www\Projects\MDCMS\vendor\symfony\console\Symfony\Component\Console\Application.php(195): Symfony\Component\Console\Application->doRunCommand(Object(Illuminate\Database\Console\Migrations\RefreshCommand), Object(Symfony\Component\Console\Input\ArgvInput), Object(Symfony\Component\Console\Output\ConsoleOutput))
#22 C:\wamp\www\Projects\MDCMS\vendor\symfony\console\Symfony\Component\Console\Application.php(126): Symfony\Component\Console\Application->doRun(Object(Symfony\Component\Console\Input\ArgvInput), Object(Symfony\Component\Console\Output\ConsoleOutput))
#23 C:\wamp\www\Projects\MDCMS\vendor\laravel\framework\src\Illuminate\Foundation\Console\Kernel.php(94): Symfony\Component\Console\Application->run(Object(Symfony\Component\Console\Input\ArgvInput), Object(Symfony\Component\Console\Output\ConsoleOutput))
#24 C:\wamp\www\Projects\MDCMS\artisan(36): Illuminate\Foundation\Console\Kernel->handle(Object(Symfony\Component\Console\Input\ArgvInput), Object(Symfony\Component\Console\Output\ConsoleOutput))
#25 {main}  
[2015-09-09 08:38:50] local.ERROR: exception 'PDOException' with message 'SQLSTATE[42S01]: Base table or view already exists: 1050 Table 'posts' already exists' in C:\wamp\www\Projects\MDCMS\vendor\laravel\framework\src\Illuminate\Database\Connection.php:362
Stack trace:
#0 C:\wamp\www\Projects\MDCMS\vendor\laravel\framework\src\Illuminate\Database\Connection.php(362): PDOStatement->execute(Array)
#1 C:\wamp\www\Projects\MDCMS\vendor\laravel\framework\src\Illuminate\Database\Connection.php(616): Illuminate\Database\Connection->Illuminate\Database\{closure}(Object(Illuminate\Database\MySqlConnection), 'create table `p...', Array)
#2 C:\wamp\www\Projects\MDCMS\vendor\laravel\framework\src\Illuminate\Database\Connection.php(580): Illuminate\Database\Connection->runQueryCallback('create table `p...', Array, Object(Closure))
#3 C:\wamp\www\Projects\MDCMS\vendor\laravel\framework\src\Illuminate\Database\Connection.php(363): Illuminate\Database\Connection->run('create table `p...', Array, Object(Closure))
#4 C:\wamp\www\Projects\MDCMS\vendor\laravel\framework\src\Illuminate\Database\Schema\Blueprint.php(63): Illuminate\Database\Connection->statement('create table `p...')
#5 C:\wamp\www\Projects\MDCMS\vendor\laravel\framework\src\Illuminate\Database\Schema\Builder.php(188): Illuminate\Database\Schema\Blueprint->build(Object(Illuminate\Database\MySqlConnection), Object(Illuminate\Database\Schema\Grammars\MySqlGrammar))
#6 C:\wamp\www\Projects\MDCMS\vendor\laravel\framework\src\Illuminate\Database\Schema\Builder.php(131): Illuminate\Database\Schema\Builder->build(Object(Illuminate\Database\Schema\Blueprint))
#7 C:\wamp\www\Projects\MDCMS\vendor\laravel\framework\src\Illuminate\Support\Facades\Facade.php(213): Illuminate\Database\Schema\Builder->create('posts', Object(Closure))
#8 C:\wamp\www\Projects\MDCMS\database\migrations\2015_08_14_094907_create_posts_table.php(22): Illuminate\Support\Facades\Facade::__callStatic('create', Array)
#9 C:\wamp\www\Projects\MDCMS\database\migrations\2015_08_14_094907_create_posts_table.php(22): Illuminate\Support\Facades\Schema::create('posts', Object(Closure))
#10 C:\wamp\www\Projects\MDCMS\vendor\laravel\framework\src\Illuminate\Database\Migrations\Migrator.php(135): CreatePostsTable->up()
#11 C:\wamp\www\Projects\MDCMS\vendor\laravel\framework\src\Illuminate\Database\Migrations\Migrator.php(111): Illuminate\Database\Migrations\Migrator->runUp('2015_08_14_0949...', 1, false)
#12 C:\wamp\www\Projects\MDCMS\vendor\laravel\framework\src\Illuminate\Database\Migrations\Migrator.php(82): Illuminate\Database\Migrations\Migrator->runMigrationList(Array, false)
#13 C:\wamp\www\Projects\MDCMS\vendor\laravel\framework\src\Illuminate\Database\Console\Migrations\MigrateCommand.php(73): Illuminate\Database\Migrations\Migrator->run('C:\\wamp\\www\\Pro...', false)
#14 [internal function]: Illuminate\Database\Console\Migrations\MigrateCommand->fire()
#15 C:\wamp\www\Projects\MDCMS\vendor\laravel\framework\src\Illuminate\Container\Container.php(526): call_user_func_array(Array, Array)
#16 C:\wamp\www\Projects\MDCMS\vendor\laravel\framework\src\Illuminate\Console\Command.php(115): Illuminate\Container\Container->call(Array)
#17 C:\wamp\www\Projects\MDCMS\vendor\symfony\console\Symfony\Component\Console\Command\Command.php(257): Illuminate\Console\Command->execute(Object(Symfony\Component\Console\Input\ArrayInput), Object(Symfony\Component\Console\Output\ConsoleOutput))
#18 C:\wamp\www\Projects\MDCMS\vendor\laravel\framework\src\Illuminate\Console\Command.php(101): Symfony\Component\Console\Command\Command->run(Object(Symfony\Component\Console\Input\ArrayInput), Object(Symfony\Component\Console\Output\ConsoleOutput))
#19 C:\wamp\www\Projects\MDCMS\vendor\laravel\framework\src\Illuminate\Console\Command.php(131): Illuminate\Console\Command->run(Object(Symfony\Component\Console\Input\ArrayInput), Object(Symfony\Component\Console\Output\ConsoleOutput))
#20 C:\wamp\www\Projects\MDCMS\vendor\laravel\framework\src\Illuminate\Database\Console\Migrations\RefreshCommand.php(47): Illuminate\Console\Command->call('migrate', Array)
#21 [internal function]: Illuminate\Database\Console\Migrations\RefreshCommand->fire()
#22 C:\wamp\www\Projects\MDCMS\vendor\laravel\framework\src\Illuminate\Container\Container.php(526): call_user_func_array(Array, Array)
#23 C:\wamp\www\Projects\MDCMS\vendor\laravel\framework\src\Illuminate\Console\Command.php(115): Illuminate\Container\Container->call(Array)
#24 C:\wamp\www\Projects\MDCMS\vendor\symfony\console\Symfony\Component\Console\Command\Command.php(257): Illuminate\Console\Command->execute(Object(Symfony\Component\Console\Input\ArgvInput), Object(Symfony\Component\Console\Output\ConsoleOutput))
#25 C:\wamp\www\Projects\MDCMS\vendor\laravel\framework\src\Illuminate\Console\Command.php(101): Symfony\Component\Console\Command\Command->run(Object(Symfony\Component\Console\Input\ArgvInput), Object(Symfony\Component\Console\Output\ConsoleOutput))
#26 C:\wamp\www\Projects\MDCMS\vendor\symfony\console\Symfony\Component\Console\Application.php(874): Illuminate\Console\Command->run(Object(Symfony\Component\Console\Input\ArgvInput), Object(Symfony\Component\Console\Output\ConsoleOutput))
#27 C:\wamp\www\Projects\MDCMS\vendor\symfony\console\Symfony\Component\Console\Application.php(195): Symfony\Component\Console\Application->doRunCommand(Object(Illuminate\Database\Console\Migrations\RefreshCommand), Object(Symfony\Component\Console\Input\ArgvInput), Object(Symfony\Component\Console\Output\ConsoleOutput))
#28 C:\wamp\www\Projects\MDCMS\vendor\symfony\console\Symfony\Component\Console\Application.php(126): Symfony\Component\Console\Application->doRun(Object(Symfony\Component\Console\Input\ArgvInput), Object(Symfony\Component\Console\Output\ConsoleOutput))
#29 C:\wamp\www\Projects\MDCMS\vendor\laravel\framework\src\Illuminate\Foundation\Console\Kernel.php(94): Symfony\Component\Console\Application->run(Object(Symfony\Component\Console\Input\ArgvInput), Object(Symfony\Component\Console\Output\ConsoleOutput))
#30 C:\wamp\www\Projects\MDCMS\artisan(36): Illuminate\Foundation\Console\Kernel->handle(Object(Symfony\Component\Console\Input\ArgvInput), Object(Symfony\Component\Console\Output\ConsoleOutput))
#31 {main}

Next exception 'Illuminate\Database\QueryException' with message 'SQLSTATE[42S01]: Base table or view already exists: 1050 Table 'posts' already exists (SQL: create table `posts` (`id` int unsigned not null auto_increment primary key, `title` varchar(255) not null, `content` longtext not null, `is_premium` tinyint(1) not null, `created_at` timestamp default 0 not null, `updated_at` timestamp default 0 not null) default character set utf8 collate utf8_unicode_ci)' in C:\wamp\www\Projects\MDCMS\vendor\laravel\framework\src\Illuminate\Database\Connection.php:624
Stack trace:
#0 C:\wamp\www\Projects\MDCMS\vendor\laravel\framework\src\Illuminate\Database\Connection.php(580): Illuminate\Database\Connection->runQueryCallback('create table `p...', Array, Object(Closure))
#1 C:\wamp\www\Projects\MDCMS\vendor\laravel\framework\src\Illuminate\Database\Connection.php(363): Illuminate\Database\Connection->run('create table `p...', Array, Object(Closure))
#2 C:\wamp\www\Projects\MDCMS\vendor\laravel\framework\src\Illuminate\Database\Schema\Blueprint.php(63): Illuminate\Database\Connection->statement('create table `p...')
#3 C:\wamp\www\Projects\MDCMS\vendor\laravel\framework\src\Illuminate\Database\Schema\Builder.php(188): Illuminate\Database\Schema\Blueprint->build(Object(Illuminate\Database\MySqlConnection), Object(Illuminate\Database\Schema\Grammars\MySqlGrammar))
#4 C:\wamp\www\Projects\MDCMS\vendor\laravel\framework\src\Illuminate\Database\Schema\Builder.php(131): Illuminate\Database\Schema\Builder->build(Object(Illuminate\Database\Schema\Blueprint))
#5 C:\wamp\www\Projects\MDCMS\vendor\laravel\framework\src\Illuminate\Support\Facades\Facade.php(213): Illuminate\Database\Schema\Builder->create('posts', Object(Closure))
#6 C:\wamp\www\Projects\MDCMS\database\migrations\2015_08_14_094907_create_posts_table.php(22): Illuminate\Support\Facades\Facade::__callStatic('create', Array)
#7 C:\wamp\www\Projects\MDCMS\database\migrations\2015_08_14_094907_create_posts_table.php(22): Illuminate\Support\Facades\Schema::create('posts', Object(Closure))
#8 C:\wamp\www\Projects\MDCMS\vendor\laravel\framework\src\Illuminate\Database\Migrations\Migrator.php(135): CreatePostsTable->up()
#9 C:\wamp\www\Projects\MDCMS\vendor\laravel\framework\src\Illuminate\Database\Migrations\Migrator.php(111): Illuminate\Database\Migrations\Migrator->runUp('2015_08_14_0949...', 1, false)
#10 C:\wamp\www\Projects\MDCMS\vendor\laravel\framework\src\Illuminate\Database\Migrations\Migrator.php(82): Illuminate\Database\Migrations\Migrator->runMigrationList(Array, false)
#11 C:\wamp\www\Projects\MDCMS\vendor\laravel\framework\src\Illuminate\Database\Console\Migrations\MigrateCommand.php(73): Illuminate\Database\Migrations\Migrator->run('C:\\wamp\\www\\Pro...', false)
#12 [internal function]: Illuminate\Database\Console\Migrations\MigrateCommand->fire()
#13 C:\wamp\www\Projects\MDCMS\vendor\laravel\framework\src\Illuminate\Container\Container.php(526): call_user_func_array(Array, Array)
#14 C:\wamp\www\Projects\MDCMS\vendor\laravel\framework\src\Illuminate\Console\Command.php(115): Illuminate\Container\Container->call(Array)
#15 C:\wamp\www\Projects\MDCMS\vendor\symfony\console\Symfony\Component\Console\Command\Command.php(257): Illuminate\Console\Command->execute(Object(Symfony\Component\Console\Input\ArrayInput), Object(Symfony\Component\Console\Output\ConsoleOutput))
#16 C:\wamp\www\Projects\MDCMS\vendor\laravel\framework\src\Illuminate\Console\Command.php(101): Symfony\Component\Console\Command\Command->run(Object(Symfony\Component\Console\Input\ArrayInput), Object(Symfony\Component\Console\Output\ConsoleOutput))
#17 C:\wamp\www\Projects\MDCMS\vendor\laravel\framework\src\Illuminate\Console\Command.php(131): Illuminate\Console\Command->run(Object(Symfony\Component\Console\Input\ArrayInput), Object(Symfony\Component\Console\Output\ConsoleOutput))
#18 C:\wamp\www\Projects\MDCMS\vendor\laravel\framework\src\Illuminate\Database\Console\Migrations\RefreshCommand.php(47): Illuminate\Console\Command->call('migrate', Array)
#19 [internal function]: Illuminate\Database\Console\Migrations\RefreshCommand->fire()
#20 C:\wamp\www\Projects\MDCMS\vendor\laravel\framework\src\Illuminate\Container\Container.php(526): call_user_func_array(Array, Array)
#21 C:\wamp\www\Projects\MDCMS\vendor\laravel\framework\src\Illuminate\Console\Command.php(115): Illuminate\Container\Container->call(Array)
#22 C:\wamp\www\Projects\MDCMS\vendor\symfony\console\Symfony\Component\Console\Command\Command.php(257): Illuminate\Console\Command->execute(Object(Symfony\Component\Console\Input\ArgvInput), Object(Symfony\Component\Console\Output\ConsoleOutput))
#23 C:\wamp\www\Projects\MDCMS\vendor\laravel\framework\src\Illuminate\Console\Command.php(101): Symfony\Component\Console\Command\Command->run(Object(Symfony\Component\Console\Input\ArgvInput), Object(Symfony\Component\Console\Output\ConsoleOutput))
#24 C:\wamp\www\Projects\MDCMS\vendor\symfony\console\Symfony\Component\Console\Application.php(874): Illuminate\Console\Command->run(Object(Symfony\Component\Console\Input\ArgvInput), Object(Symfony\Component\Console\Output\ConsoleOutput))
#25 C:\wamp\www\Projects\MDCMS\vendor\symfony\console\Symfony\Component\Console\Application.php(195): Symfony\Component\Console\Application->doRunCommand(Object(Illuminate\Database\Console\Migrations\RefreshCommand), Object(Symfony\Component\Console\Input\ArgvInput), Object(Symfony\Component\Console\Output\ConsoleOutput))
#26 C:\wamp\www\Projects\MDCMS\vendor\symfony\console\Symfony\Component\Console\Application.php(126): Symfony\Component\Console\Application->doRun(Object(Symfony\Component\Console\Input\ArgvInput), Object(Symfony\Component\Console\Output\ConsoleOutput))
#27 C:\wamp\www\Projects\MDCMS\vendor\laravel\framework\src\Illuminate\Foundation\Console\Kernel.php(94): Symfony\Component\Console\Application->run(Object(Symfony\Component\Console\Input\ArgvInput), Object(Symfony\Component\Console\Output\ConsoleOutput))
#28 C:\wamp\www\Projects\MDCMS\artisan(36): Illuminate\Foundation\Console\Kernel->handle(Object(Symfony\Component\Console\Input\ArgvInput), Object(Symfony\Component\Console\Output\ConsoleOutput))
#29 {main}  
[2015-09-09 08:58:00] local.ERROR: exception 'Symfony\Component\Debug\Exception\FatalErrorException' with message 'Trait 'Illuminate\Database\Eloquent\SoftDeletingTrait' not found' in C:\wamp\www\Projects\MDCMS\app\Order.php:8
Stack trace:
#0 C:\wamp\www\Projects\MDCMS\vendor\laravel\framework\src\Illuminate\Foundation\Bootstrap\HandleExceptions.php(131): Symfony\Component\Debug\Exception\FatalErrorException->__construct()
#1 C:\wamp\www\Projects\MDCMS\vendor\laravel\framework\src\Illuminate\Foundation\Bootstrap\HandleExceptions.php(116): Illuminate\Foundation\Bootstrap\HandleExceptions->fatalExceptionFromError()
#2 C:\wamp\www\Projects\MDCMS\vendor\laravel\framework\src\Illuminate\Foundation\Bootstrap\HandleExceptions.php(0): Illuminate\Foundation\Bootstrap\HandleExceptions->handleShutdown()
#3 C:\wamp\www\Projects\MDCMS\vendor\composer\ClassLoader.php(412): ()
#4 C:\wamp\www\Projects\MDCMS\vendor\composer\ClassLoader.php(301): Composer\Autoload\includeFile()
#5 C:\wamp\www\Projects\MDCMS\vendor\laravel\framework\src\Illuminate\Routing\Controller.php(0): Composer\Autoload\ClassLoader->loadClass()
#6 C:\wamp\www\Projects\MDCMS\vendor\laravel\framework\src\Illuminate\Routing\Controller.php(35): spl_autoload_call()
#7 C:\wamp\www\Projects\MDCMS\vendor\laravel\framework\src\Illuminate\Routing\Controller.php(246): App\Http\Controllers\OrdersController->index()
#8 C:\wamp\www\Projects\MDCMS\vendor\laravel\framework\src\Illuminate\Routing\Controller.php(246): call_user_func_array:{C:\wamp\www\Projects\MDCMS\vendor\laravel\framework\src\Illuminate\Routing\Controller.php:246}()
#9 C:\wamp\www\Projects\MDCMS\vendor\laravel\framework\src\Illuminate\Routing\ControllerDispatcher.php(162): Illuminate\Routing\Controller->callAction()
#10 C:\wamp\www\Projects\MDCMS\vendor\laravel\framework\src\Illuminate\Routing\ControllerDispatcher.php(107): Illuminate\Routing\ControllerDispatcher->call()
#11 C:\wamp\www\Projects\MDCMS\vendor\laravel\framework\src\Illuminate\Pipeline\Pipeline.php(141): Illuminate\Routing\ControllerDispatcher->Illuminate\Routing\{closure}()
#12 C:\wamp\www\Projects\MDCMS\vendor\laravel\framework\src\Illuminate\Pipeline\Pipeline.php(141): call_user_func:{C:\wamp\www\Projects\MDCMS\vendor\laravel\framework\src\Illuminate\Pipeline\Pipeline.php:141}()
#13 C:\wamp\www\Projects\MDCMS\vendor\laravel\framework\src\Illuminate\Pipeline\Pipeline.php(101): Illuminate\Pipeline\Pipeline->Illuminate\Pipeline\{closure}()
#14 C:\wamp\www\Projects\MDCMS\vendor\laravel\framework\src\Illuminate\Pipeline\Pipeline.php(101): call_user_func:{C:\wamp\www\Projects\MDCMS\vendor\laravel\framework\src\Illuminate\Pipeline\Pipeline.php:101}()
#15 C:\wamp\www\Projects\MDCMS\vendor\laravel\framework\src\Illuminate\Routing\ControllerDispatcher.php(108): Illuminate\Pipeline\Pipeline->then()
#16 C:\wamp\www\Projects\MDCMS\vendor\laravel\framework\src\Illuminate\Routing\ControllerDispatcher.php(67): Illuminate\Routing\ControllerDispatcher->callWithinStack()
#17 C:\wamp\www\Projects\MDCMS\vendor\laravel\framework\src\Illuminate\Routing\Route.php(204): Illuminate\Routing\ControllerDispatcher->dispatch()
#18 C:\wamp\www\Projects\MDCMS\vendor\laravel\framework\src\Illuminate\Routing\Route.php(134): Illuminate\Routing\Route->runWithCustomDispatcher()
#19 C:\wamp\www\Projects\MDCMS\vendor\laravel\framework\src\Illuminate\Routing\Router.php(701): Illuminate\Routing\Route->run()
#20 C:\wamp\www\Projects\MDCMS\vendor\laravel\framework\src\Illuminate\Pipeline\Pipeline.php(141): Illuminate\Routing\Router->Illuminate\Routing\{closure}()
#21 C:\wamp\www\Projects\MDCMS\vendor\laravel\framework\src\Illuminate\Pipeline\Pipeline.php(141): call_user_func:{C:\wamp\www\Projects\MDCMS\vendor\laravel\framework\src\Illuminate\Pipeline\Pipeline.php:141}()
#22 C:\wamp\www\Projects\MDCMS\app\Http\Middleware\Authenticate.php(49): Illuminate\Pipeline\Pipeline->Illuminate\Pipeline\{closure}()
#23 C:\wamp\www\Projects\MDCMS\vendor\laravel\framework\src\Illuminate\Pipeline\Pipeline.php(125): App\Http\Middleware\Authenticate->handle()
#24 C:\wamp\www\Projects\MDCMS\vendor\laravel\framework\src\Illuminate\Pipeline\Pipeline.php(101): Illuminate\Pipeline\Pipeline->Illuminate\Pipeline\{closure}()
#25 C:\wamp\www\Projects\MDCMS\vendor\laravel\framework\src\Illuminate\Pipeline\Pipeline.php(101): call_user_func:{C:\wamp\www\Projects\MDCMS\vendor\laravel\framework\src\Illuminate\Pipeline\Pipeline.php:101}()
#26 C:\wamp\www\Projects\MDCMS\vendor\laravel\framework\src\Illuminate\Routing\Router.php(703): Illuminate\Pipeline\Pipeline->then()
#27 C:\wamp\www\Projects\MDCMS\vendor\laravel\framework\src\Illuminate\Routing\Router.php(670): Illuminate\Routing\Router->runRouteWithinStack()
#28 C:\wamp\www\Projects\MDCMS\vendor\laravel\framework\src\Illuminate\Routing\Router.php(628): Illuminate\Routing\Router->dispatchToRoute()
#29 C:\wamp\www\Projects\MDCMS\vendor\laravel\framework\src\Illuminate\Foundation\Http\Kernel.php(214): Illuminate\Routing\Router->dispatch()
#30 C:\wamp\www\Projects\MDCMS\vendor\laravel\framework\src\Illuminate\Pipeline\Pipeline.php(141): Illuminate\Foundation\Http\Kernel->Illuminate\Foundation\Http\{closure}()
#31 C:\wamp\www\Projects\MDCMS\vendor\laravel\framework\src\Illuminate\Pipeline\Pipeline.php(141): call_user_func:{C:\wamp\www\Projects\MDCMS\vendor\laravel\framework\src\Illuminate\Pipeline\Pipeline.php:141}()
#32 C:\wamp\www\Projects\MDCMS\vendor\laravel\framework\src\Illuminate\Foundation\Http\Middleware\VerifyCsrfToken.php(43): Illuminate\Pipeline\Pipeline->Illuminate\Pipeline\{closure}()
#33 C:\wamp\www\Projects\MDCMS\app\Http\Middleware\VerifyCsrfToken.php(17): Illuminate\Foundation\Http\Middleware\VerifyCsrfToken->handle()
#34 C:\wamp\www\Projects\MDCMS\vendor\laravel\framework\src\Illuminate\Pipeline\Pipeline.php(125): App\Http\Middleware\VerifyCsrfToken->handle()
#35 C:\wamp\www\Projects\MDCMS\vendor\laravel\framework\src\Illuminate\View\Middleware\ShareErrorsFromSession.php(55): Illuminate\Pipeline\Pipeline->Illuminate\Pipeline\{closure}()
#36 C:\wamp\www\Projects\MDCMS\vendor\laravel\framework\src\Illuminate\Pipeline\Pipeline.php(125): Illuminate\View\Middleware\ShareErrorsFromSession->handle()
#37 C:\wamp\www\Projects\MDCMS\vendor\laravel\framework\src\Illuminate\Session\Middleware\StartSession.php(61): Illuminate\Pipeline\Pipeline->Illuminate\Pipeline\{closure}()
#38 C:\wamp\www\Projects\MDCMS\vendor\laravel\framework\src\Illuminate\Pipeline\Pipeline.php(125): Illuminate\Session\Middleware\StartSession->handle()
#39 C:\wamp\www\Projects\MDCMS\vendor\laravel\framework\src\Illuminate\Cookie\Middleware\AddQueuedCookiesToResponse.php(36): Illuminate\Pipeline\Pipeline->Illuminate\Pipeline\{closure}()
#40 C:\wamp\www\Projects\MDCMS\vendor\laravel\framework\src\Illuminate\Pipeline\Pipeline.php(125): Illuminate\Cookie\Middleware\AddQueuedCookiesToResponse->handle()
#41 C:\wamp\www\Projects\MDCMS\vendor\laravel\framework\src\Illuminate\Cookie\Middleware\EncryptCookies.php(40): Illuminate\Pipeline\Pipeline->Illuminate\Pipeline\{closure}()
#42 C:\wamp\www\Projects\MDCMS\vendor\laravel\framework\src\Illuminate\Pipeline\Pipeline.php(125): Illuminate\Cookie\Middleware\EncryptCookies->handle()
#43 C:\wamp\www\Projects\MDCMS\vendor\laravel\framework\src\Illuminate\Foundation\Http\Middleware\CheckForMaintenanceMode.php(42): Illuminate\Pipeline\Pipeline->Illuminate\Pipeline\{closure}()
#44 C:\wamp\www\Projects\MDCMS\vendor\laravel\framework\src\Illuminate\Pipeline\Pipeline.php(125): Illuminate\Foundation\Http\Middleware\CheckForMaintenanceMode->handle()
#45 C:\wamp\www\Projects\MDCMS\vendor\laravel\framework\src\Illuminate\Pipeline\Pipeline.php(101): Illuminate\Pipeline\Pipeline->Illuminate\Pipeline\{closure}()
#46 C:\wamp\www\Projects\MDCMS\vendor\laravel\framework\src\Illuminate\Pipeline\Pipeline.php(101): call_user_func:{C:\wamp\www\Projects\MDCMS\vendor\laravel\framework\src\Illuminate\Pipeline\Pipeline.php:101}()
#47 C:\wamp\www\Projects\MDCMS\vendor\laravel\framework\src\Illuminate\Foundation\Http\Kernel.php(115): Illuminate\Pipeline\Pipeline->then()
#48 C:\wamp\www\Projects\MDCMS\vendor\laravel\framework\src\Illuminate\Foundation\Http\Kernel.php(84): Illuminate\Foundation\Http\Kernel->sendRequestThroughRouter()
#49 C:\wamp\www\Projects\MDCMS\public\index.php(54): Illuminate\Foundation\Http\Kernel->handle()
#50 C:\wamp\www\Projects\MDCMS\server.php(21): ()
#51 C:\wamp\www\Projects\MDCMS\server.php(0): {main}()
#52 {main}  
[2015-09-09 08:58:47] local.ERROR: exception 'Symfony\Component\Debug\Exception\FatalErrorException' with message 'Trait 'Illuminate\Database\Eloquent\SoftDeletingTrait' not found' in C:\wamp\www\Projects\MDCMS\app\Order.php:8
Stack trace:
#0 C:\wamp\www\Projects\MDCMS\vendor\laravel\framework\src\Illuminate\Foundation\Bootstrap\HandleExceptions.php(131): Symfony\Component\Debug\Exception\FatalErrorException->__construct()
#1 C:\wamp\www\Projects\MDCMS\vendor\laravel\framework\src\Illuminate\Foundation\Bootstrap\HandleExceptions.php(116): Illuminate\Foundation\Bootstrap\HandleExceptions->fatalExceptionFromError()
#2 C:\wamp\www\Projects\MDCMS\vendor\laravel\framework\src\Illuminate\Foundation\Bootstrap\HandleExceptions.php(0): Illuminate\Foundation\Bootstrap\HandleExceptions->handleShutdown()
#3 C:\wamp\www\Projects\MDCMS\vendor\composer\ClassLoader.php(412): ()
#4 C:\wamp\www\Projects\MDCMS\vendor\composer\ClassLoader.php(301): Composer\Autoload\includeFile()
#5 C:\wamp\www\Projects\MDCMS\vendor\laravel\framework\src\Illuminate\Routing\Controller.php(0): Composer\Autoload\ClassLoader->loadClass()
#6 C:\wamp\www\Projects\MDCMS\vendor\laravel\framework\src\Illuminate\Routing\Controller.php(35): spl_autoload_call()
#7 C:\wamp\www\Projects\MDCMS\vendor\laravel\framework\src\Illuminate\Routing\Controller.php(246): App\Http\Controllers\OrdersController->index()
#8 C:\wamp\www\Projects\MDCMS\vendor\laravel\framework\src\Illuminate\Routing\Controller.php(246): call_user_func_array:{C:\wamp\www\Projects\MDCMS\vendor\laravel\framework\src\Illuminate\Routing\Controller.php:246}()
#9 C:\wamp\www\Projects\MDCMS\vendor\laravel\framework\src\Illuminate\Routing\ControllerDispatcher.php(162): Illuminate\Routing\Controller->callAction()
#10 C:\wamp\www\Projects\MDCMS\vendor\laravel\framework\src\Illuminate\Routing\ControllerDispatcher.php(107): Illuminate\Routing\ControllerDispatcher->call()
#11 C:\wamp\www\Projects\MDCMS\vendor\laravel\framework\src\Illuminate\Pipeline\Pipeline.php(141): Illuminate\Routing\ControllerDispatcher->Illuminate\Routing\{closure}()
#12 C:\wamp\www\Projects\MDCMS\vendor\laravel\framework\src\Illuminate\Pipeline\Pipeline.php(141): call_user_func:{C:\wamp\www\Projects\MDCMS\vendor\laravel\framework\src\Illuminate\Pipeline\Pipeline.php:141}()
#13 C:\wamp\www\Projects\MDCMS\vendor\laravel\framework\src\Illuminate\Pipeline\Pipeline.php(101): Illuminate\Pipeline\Pipeline->Illuminate\Pipeline\{closure}()
#14 C:\wamp\www\Projects\MDCMS\vendor\laravel\framework\src\Illuminate\Pipeline\Pipeline.php(101): call_user_func:{C:\wamp\www\Projects\MDCMS\vendor\laravel\framework\src\Illuminate\Pipeline\Pipeline.php:101}()
#15 C:\wamp\www\Projects\MDCMS\vendor\laravel\framework\src\Illuminate\Routing\ControllerDispatcher.php(108): Illuminate\Pipeline\Pipeline->then()
#16 C:\wamp\www\Projects\MDCMS\vendor\laravel\framework\src\Illuminate\Routing\ControllerDispatcher.php(67): Illuminate\Routing\ControllerDispatcher->callWithinStack()
#17 C:\wamp\www\Projects\MDCMS\vendor\laravel\framework\src\Illuminate\Routing\Route.php(204): Illuminate\Routing\ControllerDispatcher->dispatch()
#18 C:\wamp\www\Projects\MDCMS\vendor\laravel\framework\src\Illuminate\Routing\Route.php(134): Illuminate\Routing\Route->runWithCustomDispatcher()
#19 C:\wamp\www\Projects\MDCMS\vendor\laravel\framework\src\Illuminate\Routing\Router.php(701): Illuminate\Routing\Route->run()
#20 C:\wamp\www\Projects\MDCMS\vendor\laravel\framework\src\Illuminate\Pipeline\Pipeline.php(141): Illuminate\Routing\Router->Illuminate\Routing\{closure}()
#21 C:\wamp\www\Projects\MDCMS\vendor\laravel\framework\src\Illuminate\Pipeline\Pipeline.php(141): call_user_func:{C:\wamp\www\Projects\MDCMS\vendor\laravel\framework\src\Illuminate\Pipeline\Pipeline.php:141}()
#22 C:\wamp\www\Projects\MDCMS\app\Http\Middleware\Authenticate.php(49): Illuminate\Pipeline\Pipeline->Illuminate\Pipeline\{closure}()
#23 C:\wamp\www\Projects\MDCMS\vendor\laravel\framework\src\Illuminate\Pipeline\Pipeline.php(125): App\Http\Middleware\Authenticate->handle()
#24 C:\wamp\www\Projects\MDCMS\vendor\laravel\framework\src\Illuminate\Pipeline\Pipeline.php(101): Illuminate\Pipeline\Pipeline->Illuminate\Pipeline\{closure}()
#25 C:\wamp\www\Projects\MDCMS\vendor\laravel\framework\src\Illuminate\Pipeline\Pipeline.php(101): call_user_func:{C:\wamp\www\Projects\MDCMS\vendor\laravel\framework\src\Illuminate\Pipeline\Pipeline.php:101}()
#26 C:\wamp\www\Projects\MDCMS\vendor\laravel\framework\src\Illuminate\Routing\Router.php(703): Illuminate\Pipeline\Pipeline->then()
#27 C:\wamp\www\Projects\MDCMS\vendor\laravel\framework\src\Illuminate\Routing\Router.php(670): Illuminate\Routing\Router->runRouteWithinStack()
#28 C:\wamp\www\Projects\MDCMS\vendor\laravel\framework\src\Illuminate\Routing\Router.php(628): Illuminate\Routing\Router->dispatchToRoute()
#29 C:\wamp\www\Projects\MDCMS\vendor\laravel\framework\src\Illuminate\Foundation\Http\Kernel.php(214): Illuminate\Routing\Router->dispatch()
#30 C:\wamp\www\Projects\MDCMS\vendor\laravel\framework\src\Illuminate\Pipeline\Pipeline.php(141): Illuminate\Foundation\Http\Kernel->Illuminate\Foundation\Http\{closure}()
#31 C:\wamp\www\Projects\MDCMS\vendor\laravel\framework\src\Illuminate\Pipeline\Pipeline.php(141): call_user_func:{C:\wamp\www\Projects\MDCMS\vendor\laravel\framework\src\Illuminate\Pipeline\Pipeline.php:141}()
#32 C:\wamp\www\Projects\MDCMS\vendor\laravel\framework\src\Illuminate\Foundation\Http\Middleware\VerifyCsrfToken.php(43): Illuminate\Pipeline\Pipeline->Illuminate\Pipeline\{closure}()
#33 C:\wamp\www\Projects\MDCMS\app\Http\Middleware\VerifyCsrfToken.php(17): Illuminate\Foundation\Http\Middleware\VerifyCsrfToken->handle()
#34 C:\wamp\www\Projects\MDCMS\vendor\laravel\framework\src\Illuminate\Pipeline\Pipeline.php(125): App\Http\Middleware\VerifyCsrfToken->handle()
#35 C:\wamp\www\Projects\MDCMS\vendor\laravel\framework\src\Illuminate\View\Middleware\ShareErrorsFromSession.php(55): Illuminate\Pipeline\Pipeline->Illuminate\Pipeline\{closure}()
#36 C:\wamp\www\Projects\MDCMS\vendor\laravel\framework\src\Illuminate\Pipeline\Pipeline.php(125): Illuminate\View\Middleware\ShareErrorsFromSession->handle()
#37 C:\wamp\www\Projects\MDCMS\vendor\laravel\framework\src\Illuminate\Session\Middleware\StartSession.php(61): Illuminate\Pipeline\Pipeline->Illuminate\Pipeline\{closure}()
#38 C:\wamp\www\Projects\MDCMS\vendor\laravel\framework\src\Illuminate\Pipeline\Pipeline.php(125): Illuminate\Session\Middleware\StartSession->handle()
#39 C:\wamp\www\Projects\MDCMS\vendor\laravel\framework\src\Illuminate\Cookie\Middleware\AddQueuedCookiesToResponse.php(36): Illuminate\Pipeline\Pipeline->Illuminate\Pipeline\{closure}()
#40 C:\wamp\www\Projects\MDCMS\vendor\laravel\framework\src\Illuminate\Pipeline\Pipeline.php(125): Illuminate\Cookie\Middleware\AddQueuedCookiesToResponse->handle()
#41 C:\wamp\www\Projects\MDCMS\vendor\laravel\framework\src\Illuminate\Cookie\Middleware\EncryptCookies.php(40): Illuminate\Pipeline\Pipeline->Illuminate\Pipeline\{closure}()
#42 C:\wamp\www\Projects\MDCMS\vendor\laravel\framework\src\Illuminate\Pipeline\Pipeline.php(125): Illuminate\Cookie\Middleware\EncryptCookies->handle()
#43 C:\wamp\www\Projects\MDCMS\vendor\laravel\framework\src\Illuminate\Foundation\Http\Middleware\CheckForMaintenanceMode.php(42): Illuminate\Pipeline\Pipeline->Illuminate\Pipeline\{closure}()
#44 C:\wamp\www\Projects\MDCMS\vendor\laravel\framework\src\Illuminate\Pipeline\Pipeline.php(125): Illuminate\Foundation\Http\Middleware\CheckForMaintenanceMode->handle()
#45 C:\wamp\www\Projects\MDCMS\vendor\laravel\framework\src\Illuminate\Pipeline\Pipeline.php(101): Illuminate\Pipeline\Pipeline->Illuminate\Pipeline\{closure}()
#46 C:\wamp\www\Projects\MDCMS\vendor\laravel\framework\src\Illuminate\Pipeline\Pipeline.php(101): call_user_func:{C:\wamp\www\Projects\MDCMS\vendor\laravel\framework\src\Illuminate\Pipeline\Pipeline.php:101}()
#47 C:\wamp\www\Projects\MDCMS\vendor\laravel\framework\src\Illuminate\Foundation\Http\Kernel.php(115): Illuminate\Pipeline\Pipeline->then()
#48 C:\wamp\www\Projects\MDCMS\vendor\laravel\framework\src\Illuminate\Foundation\Http\Kernel.php(84): Illuminate\Foundation\Http\Kernel->sendRequestThroughRouter()
#49 C:\wamp\www\Projects\MDCMS\public\index.php(54): Illuminate\Foundation\Http\Kernel->handle()
#50 C:\wamp\www\Projects\MDCMS\server.php(21): ()
#51 C:\wamp\www\Projects\MDCMS\server.php(0): {main}()
#52 {main}  
[2015-09-09 08:58:56] local.ERROR: exception 'Symfony\Component\Debug\Exception\FatalErrorException' with message 'Trait 'Illuminate\Database\Eloquent\SoftDeletingTrait' not found' in C:\wamp\www\Projects\MDCMS\app\Order.php:8
Stack trace:
#0 C:\wamp\www\Projects\MDCMS\vendor\laravel\framework\src\Illuminate\Foundation\Bootstrap\HandleExceptions.php(131): Symfony\Component\Debug\Exception\FatalErrorException->__construct()
#1 C:\wamp\www\Projects\MDCMS\vendor\laravel\framework\src\Illuminate\Foundation\Bootstrap\HandleExceptions.php(116): Illuminate\Foundation\Bootstrap\HandleExceptions->fatalExceptionFromError()
#2 C:\wamp\www\Projects\MDCMS\vendor\laravel\framework\src\Illuminate\Foundation\Bootstrap\HandleExceptions.php(0): Illuminate\Foundation\Bootstrap\HandleExceptions->handleShutdown()
#3 C:\wamp\www\Projects\MDCMS\vendor\composer\ClassLoader.php(412): ()
#4 C:\wamp\www\Projects\MDCMS\vendor\composer\ClassLoader.php(301): Composer\Autoload\includeFile()
#5 C:\wamp\www\Projects\MDCMS\vendor\laravel\framework\src\Illuminate\Routing\Controller.php(0): Composer\Autoload\ClassLoader->loadClass()
#6 C:\wamp\www\Projects\MDCMS\vendor\laravel\framework\src\Illuminate\Routing\Controller.php(35): spl_autoload_call()
#7 C:\wamp\www\Projects\MDCMS\vendor\laravel\framework\src\Illuminate\Routing\Controller.php(246): App\Http\Controllers\OrdersController->index()
#8 C:\wamp\www\Projects\MDCMS\vendor\laravel\framework\src\Illuminate\Routing\Controller.php(246): call_user_func_array:{C:\wamp\www\Projects\MDCMS\vendor\laravel\framework\src\Illuminate\Routing\Controller.php:246}()
#9 C:\wamp\www\Projects\MDCMS\vendor\laravel\framework\src\Illuminate\Routing\ControllerDispatcher.php(162): Illuminate\Routing\Controller->callAction()
#10 C:\wamp\www\Projects\MDCMS\vendor\laravel\framework\src\Illuminate\Routing\ControllerDispatcher.php(107): Illuminate\Routing\ControllerDispatcher->call()
#11 C:\wamp\www\Projects\MDCMS\vendor\laravel\framework\src\Illuminate\Pipeline\Pipeline.php(141): Illuminate\Routing\ControllerDispatcher->Illuminate\Routing\{closure}()
#12 C:\wamp\www\Projects\MDCMS\vendor\laravel\framework\src\Illuminate\Pipeline\Pipeline.php(141): call_user_func:{C:\wamp\www\Projects\MDCMS\vendor\laravel\framework\src\Illuminate\Pipeline\Pipeline.php:141}()
#13 C:\wamp\www\Projects\MDCMS\vendor\laravel\framework\src\Illuminate\Pipeline\Pipeline.php(101): Illuminate\Pipeline\Pipeline->Illuminate\Pipeline\{closure}()
#14 C:\wamp\www\Projects\MDCMS\vendor\laravel\framework\src\Illuminate\Pipeline\Pipeline.php(101): call_user_func:{C:\wamp\www\Projects\MDCMS\vendor\laravel\framework\src\Illuminate\Pipeline\Pipeline.php:101}()
#15 C:\wamp\www\Projects\MDCMS\vendor\laravel\framework\src\Illuminate\Routing\ControllerDispatcher.php(108): Illuminate\Pipeline\Pipeline->then()
#16 C:\wamp\www\Projects\MDCMS\vendor\laravel\framework\src\Illuminate\Routing\ControllerDispatcher.php(67): Illuminate\Routing\ControllerDispatcher->callWithinStack()
#17 C:\wamp\www\Projects\MDCMS\vendor\laravel\framework\src\Illuminate\Routing\Route.php(204): Illuminate\Routing\ControllerDispatcher->dispatch()
#18 C:\wamp\www\Projects\MDCMS\vendor\laravel\framework\src\Illuminate\Routing\Route.php(134): Illuminate\Routing\Route->runWithCustomDispatcher()
#19 C:\wamp\www\Projects\MDCMS\vendor\laravel\framework\src\Illuminate\Routing\Router.php(701): Illuminate\Routing\Route->run()
#20 C:\wamp\www\Projects\MDCMS\vendor\laravel\framework\src\Illuminate\Pipeline\Pipeline.php(141): Illuminate\Routing\Router->Illuminate\Routing\{closure}()
#21 C:\wamp\www\Projects\MDCMS\vendor\laravel\framework\src\Illuminate\Pipeline\Pipeline.php(141): call_user_func:{C:\wamp\www\Projects\MDCMS\vendor\laravel\framework\src\Illuminate\Pipeline\Pipeline.php:141}()
#22 C:\wamp\www\Projects\MDCMS\app\Http\Middleware\Authenticate.php(49): Illuminate\Pipeline\Pipeline->Illuminate\Pipeline\{closure}()
#23 C:\wamp\www\Projects\MDCMS\vendor\laravel\framework\src\Illuminate\Pipeline\Pipeline.php(125): App\Http\Middleware\Authenticate->handle()
#24 C:\wamp\www\Projects\MDCMS\vendor\laravel\framework\src\Illuminate\Pipeline\Pipeline.php(101): Illuminate\Pipeline\Pipeline->Illuminate\Pipeline\{closure}()
#25 C:\wamp\www\Projects\MDCMS\vendor\laravel\framework\src\Illuminate\Pipeline\Pipeline.php(101): call_user_func:{C:\wamp\www\Projects\MDCMS\vendor\laravel\framework\src\Illuminate\Pipeline\Pipeline.php:101}()
#26 C:\wamp\www\Projects\MDCMS\vendor\laravel\framework\src\Illuminate\Routing\Router.php(703): Illuminate\Pipeline\Pipeline->then()
#27 C:\wamp\www\Projects\MDCMS\vendor\laravel\framework\src\Illuminate\Routing\Router.php(670): Illuminate\Routing\Router->runRouteWithinStack()
#28 C:\wamp\www\Projects\MDCMS\vendor\laravel\framework\src\Illuminate\Routing\Router.php(628): Illuminate\Routing\Router->dispatchToRoute()
#29 C:\wamp\www\Projects\MDCMS\vendor\laravel\framework\src\Illuminate\Foundation\Http\Kernel.php(214): Illuminate\Routing\Router->dispatch()
#30 C:\wamp\www\Projects\MDCMS\vendor\laravel\framework\src\Illuminate\Pipeline\Pipeline.php(141): Illuminate\Foundation\Http\Kernel->Illuminate\Foundation\Http\{closure}()
#31 C:\wamp\www\Projects\MDCMS\vendor\laravel\framework\src\Illuminate\Pipeline\Pipeline.php(141): call_user_func:{C:\wamp\www\Projects\MDCMS\vendor\laravel\framework\src\Illuminate\Pipeline\Pipeline.php:141}()
#32 C:\wamp\www\Projects\MDCMS\vendor\laravel\framework\src\Illuminate\Foundation\Http\Middleware\VerifyCsrfToken.php(43): Illuminate\Pipeline\Pipeline->Illuminate\Pipeline\{closure}()
#33 C:\wamp\www\Projects\MDCMS\app\Http\Middleware\VerifyCsrfToken.php(17): Illuminate\Foundation\Http\Middleware\VerifyCsrfToken->handle()
#34 C:\wamp\www\Projects\MDCMS\vendor\laravel\framework\src\Illuminate\Pipeline\Pipeline.php(125): App\Http\Middleware\VerifyCsrfToken->handle()
#35 C:\wamp\www\Projects\MDCMS\vendor\laravel\framework\src\Illuminate\View\Middleware\ShareErrorsFromSession.php(55): Illuminate\Pipeline\Pipeline->Illuminate\Pipeline\{closure}()
#36 C:\wamp\www\Projects\MDCMS\vendor\laravel\framework\src\Illuminate\Pipeline\Pipeline.php(125): Illuminate\View\Middleware\ShareErrorsFromSession->handle()
#37 C:\wamp\www\Projects\MDCMS\vendor\laravel\framework\src\Illuminate\Session\Middleware\StartSession.php(61): Illuminate\Pipeline\Pipeline->Illuminate\Pipeline\{closure}()
#38 C:\wamp\www\Projects\MDCMS\vendor\laravel\framework\src\Illuminate\Pipeline\Pipeline.php(125): Illuminate\Session\Middleware\StartSession->handle()
#39 C:\wamp\www\Projects\MDCMS\vendor\laravel\framework\src\Illuminate\Cookie\Middleware\AddQueuedCookiesToResponse.php(36): Illuminate\Pipeline\Pipeline->Illuminate\Pipeline\{closure}()
#40 C:\wamp\www\Projects\MDCMS\vendor\laravel\framework\src\Illuminate\Pipeline\Pipeline.php(125): Illuminate\Cookie\Middleware\AddQueuedCookiesToResponse->handle()
#41 C:\wamp\www\Projects\MDCMS\vendor\laravel\framework\src\Illuminate\Cookie\Middleware\EncryptCookies.php(40): Illuminate\Pipeline\Pipeline->Illuminate\Pipeline\{closure}()
#42 C:\wamp\www\Projects\MDCMS\vendor\laravel\framework\src\Illuminate\Pipeline\Pipeline.php(125): Illuminate\Cookie\Middleware\EncryptCookies->handle()
#43 C:\wamp\www\Projects\MDCMS\vendor\laravel\framework\src\Illuminate\Foundation\Http\Middleware\CheckForMaintenanceMode.php(42): Illuminate\Pipeline\Pipeline->Illuminate\Pipeline\{closure}()
#44 C:\wamp\www\Projects\MDCMS\vendor\laravel\framework\src\Illuminate\Pipeline\Pipeline.php(125): Illuminate\Foundation\Http\Middleware\CheckForMaintenanceMode->handle()
#45 C:\wamp\www\Projects\MDCMS\vendor\laravel\framework\src\Illuminate\Pipeline\Pipeline.php(101): Illuminate\Pipeline\Pipeline->Illuminate\Pipeline\{closure}()
#46 C:\wamp\www\Projects\MDCMS\vendor\laravel\framework\src\Illuminate\Pipeline\Pipeline.php(101): call_user_func:{C:\wamp\www\Projects\MDCMS\vendor\laravel\framework\src\Illuminate\Pipeline\Pipeline.php:101}()
#47 C:\wamp\www\Projects\MDCMS\vendor\laravel\framework\src\Illuminate\Foundation\Http\Kernel.php(115): Illuminate\Pipeline\Pipeline->then()
#48 C:\wamp\www\Projects\MDCMS\vendor\laravel\framework\src\Illuminate\Foundation\Http\Kernel.php(84): Illuminate\Foundation\Http\Kernel->sendRequestThroughRouter()
#49 C:\wamp\www\Projects\MDCMS\public\index.php(54): Illuminate\Foundation\Http\Kernel->handle()
#50 C:\wamp\www\Projects\MDCMS\server.php(21): ()
#51 C:\wamp\www\Projects\MDCMS\server.php(0): {main}()
#52 {main}  
[2015-09-09 08:59:12] local.ERROR: exception 'Symfony\Component\Debug\Exception\FatalErrorException' with message 'Trait 'Illuminate\Database\Eloquent\SoftDeletingTrait' not found' in C:\wamp\www\Projects\MDCMS\app\Order.php:8
Stack trace:
#0 C:\wamp\www\Projects\MDCMS\vendor\laravel\framework\src\Illuminate\Foundation\Bootstrap\HandleExceptions.php(131): Symfony\Component\Debug\Exception\FatalErrorException->__construct()
#1 C:\wamp\www\Projects\MDCMS\vendor\laravel\framework\src\Illuminate\Foundation\Bootstrap\HandleExceptions.php(116): Illuminate\Foundation\Bootstrap\HandleExceptions->fatalExceptionFromError()
#2 C:\wamp\www\Projects\MDCMS\vendor\laravel\framework\src\Illuminate\Foundation\Bootstrap\HandleExceptions.php(0): Illuminate\Foundation\Bootstrap\HandleExceptions->handleShutdown()
#3 C:\wamp\www\Projects\MDCMS\vendor\composer\ClassLoader.php(412): ()
#4 C:\wamp\www\Projects\MDCMS\vendor\composer\ClassLoader.php(301): Composer\Autoload\includeFile()
#5 C:\wamp\www\Projects\MDCMS\vendor\laravel\framework\src\Illuminate\Routing\Controller.php(0): Composer\Autoload\ClassLoader->loadClass()
#6 C:\wamp\www\Projects\MDCMS\vendor\laravel\framework\src\Illuminate\Routing\Controller.php(35): spl_autoload_call()
#7 C:\wamp\www\Projects\MDCMS\vendor\laravel\framework\src\Illuminate\Routing\Controller.php(246): App\Http\Controllers\OrdersController->index()
#8 C:\wamp\www\Projects\MDCMS\vendor\laravel\framework\src\Illuminate\Routing\Controller.php(246): call_user_func_array:{C:\wamp\www\Projects\MDCMS\vendor\laravel\framework\src\Illuminate\Routing\Controller.php:246}()
#9 C:\wamp\www\Projects\MDCMS\vendor\laravel\framework\src\Illuminate\Routing\ControllerDispatcher.php(162): Illuminate\Routing\Controller->callAction()
#10 C:\wamp\www\Projects\MDCMS\vendor\laravel\framework\src\Illuminate\Routing\ControllerDispatcher.php(107): Illuminate\Routing\ControllerDispatcher->call()
#11 C:\wamp\www\Projects\MDCMS\vendor\laravel\framework\src\Illuminate\Pipeline\Pipeline.php(141): Illuminate\Routing\ControllerDispatcher->Illuminate\Routing\{closure}()
#12 C:\wamp\www\Projects\MDCMS\vendor\laravel\framework\src\Illuminate\Pipeline\Pipeline.php(141): call_user_func:{C:\wamp\www\Projects\MDCMS\vendor\laravel\framework\src\Illuminate\Pipeline\Pipeline.php:141}()
#13 C:\wamp\www\Projects\MDCMS\vendor\laravel\framework\src\Illuminate\Pipeline\Pipeline.php(101): Illuminate\Pipeline\Pipeline->Illuminate\Pipeline\{closure}()
#14 C:\wamp\www\Projects\MDCMS\vendor\laravel\framework\src\Illuminate\Pipeline\Pipeline.php(101): call_user_func:{C:\wamp\www\Projects\MDCMS\vendor\laravel\framework\src\Illuminate\Pipeline\Pipeline.php:101}()
#15 C:\wamp\www\Projects\MDCMS\vendor\laravel\framework\src\Illuminate\Routing\ControllerDispatcher.php(108): Illuminate\Pipeline\Pipeline->then()
#16 C:\wamp\www\Projects\MDCMS\vendor\laravel\framework\src\Illuminate\Routing\ControllerDispatcher.php(67): Illuminate\Routing\ControllerDispatcher->callWithinStack()
#17 C:\wamp\www\Projects\MDCMS\vendor\laravel\framework\src\Illuminate\Routing\Route.php(204): Illuminate\Routing\ControllerDispatcher->dispatch()
#18 C:\wamp\www\Projects\MDCMS\vendor\laravel\framework\src\Illuminate\Routing\Route.php(134): Illuminate\Routing\Route->runWithCustomDispatcher()
#19 C:\wamp\www\Projects\MDCMS\vendor\laravel\framework\src\Illuminate\Routing\Router.php(701): Illuminate\Routing\Route->run()
#20 C:\wamp\www\Projects\MDCMS\vendor\laravel\framework\src\Illuminate\Pipeline\Pipeline.php(141): Illuminate\Routing\Router->Illuminate\Routing\{closure}()
#21 C:\wamp\www\Projects\MDCMS\vendor\laravel\framework\src\Illuminate\Pipeline\Pipeline.php(141): call_user_func:{C:\wamp\www\Projects\MDCMS\vendor\laravel\framework\src\Illuminate\Pipeline\Pipeline.php:141}()
#22 C:\wamp\www\Projects\MDCMS\app\Http\Middleware\Authenticate.php(49): Illuminate\Pipeline\Pipeline->Illuminate\Pipeline\{closure}()
#23 C:\wamp\www\Projects\MDCMS\vendor\laravel\framework\src\Illuminate\Pipeline\Pipeline.php(125): App\Http\Middleware\Authenticate->handle()
#24 C:\wamp\www\Projects\MDCMS\vendor\laravel\framework\src\Illuminate\Pipeline\Pipeline.php(101): Illuminate\Pipeline\Pipeline->Illuminate\Pipeline\{closure}()
#25 C:\wamp\www\Projects\MDCMS\vendor\laravel\framework\src\Illuminate\Pipeline\Pipeline.php(101): call_user_func:{C:\wamp\www\Projects\MDCMS\vendor\laravel\framework\src\Illuminate\Pipeline\Pipeline.php:101}()
#26 C:\wamp\www\Projects\MDCMS\vendor\laravel\framework\src\Illuminate\Routing\Router.php(703): Illuminate\Pipeline\Pipeline->then()
#27 C:\wamp\www\Projects\MDCMS\vendor\laravel\framework\src\Illuminate\Routing\Router.php(670): Illuminate\Routing\Router->runRouteWithinStack()
#28 C:\wamp\www\Projects\MDCMS\vendor\laravel\framework\src\Illuminate\Routing\Router.php(628): Illuminate\Routing\Router->dispatchToRoute()
#29 C:\wamp\www\Projects\MDCMS\vendor\laravel\framework\src\Illuminate\Foundation\Http\Kernel.php(214): Illuminate\Routing\Router->dispatch()
#30 C:\wamp\www\Projects\MDCMS\vendor\laravel\framework\src\Illuminate\Pipeline\Pipeline.php(141): Illuminate\Foundation\Http\Kernel->Illuminate\Foundation\Http\{closure}()
#31 C:\wamp\www\Projects\MDCMS\vendor\laravel\framework\src\Illuminate\Pipeline\Pipeline.php(141): call_user_func:{C:\wamp\www\Projects\MDCMS\vendor\laravel\framework\src\Illuminate\Pipeline\Pipeline.php:141}()
#32 C:\wamp\www\Projects\MDCMS\vendor\laravel\framework\src\Illuminate\Foundation\Http\Middleware\VerifyCsrfToken.php(43): Illuminate\Pipeline\Pipeline->Illuminate\Pipeline\{closure}()
#33 C:\wamp\www\Projects\MDCMS\app\Http\Middleware\VerifyCsrfToken.php(17): Illuminate\Foundation\Http\Middleware\VerifyCsrfToken->handle()
#34 C:\wamp\www\Projects\MDCMS\vendor\laravel\framework\src\Illuminate\Pipeline\Pipeline.php(125): App\Http\Middleware\VerifyCsrfToken->handle()
#35 C:\wamp\www\Projects\MDCMS\vendor\laravel\framework\src\Illuminate\View\Middleware\ShareErrorsFromSession.php(55): Illuminate\Pipeline\Pipeline->Illuminate\Pipeline\{closure}()
#36 C:\wamp\www\Projects\MDCMS\vendor\laravel\framework\src\Illuminate\Pipeline\Pipeline.php(125): Illuminate\View\Middleware\ShareErrorsFromSession->handle()
#37 C:\wamp\www\Projects\MDCMS\vendor\laravel\framework\src\Illuminate\Session\Middleware\StartSession.php(61): Illuminate\Pipeline\Pipeline->Illuminate\Pipeline\{closure}()
#38 C:\wamp\www\Projects\MDCMS\vendor\laravel\framework\src\Illuminate\Pipeline\Pipeline.php(125): Illuminate\Session\Middleware\StartSession->handle()
#39 C:\wamp\www\Projects\MDCMS\vendor\laravel\framework\src\Illuminate\Cookie\Middleware\AddQueuedCookiesToResponse.php(36): Illuminate\Pipeline\Pipeline->Illuminate\Pipeline\{closure}()
#40 C:\wamp\www\Projects\MDCMS\vendor\laravel\framework\src\Illuminate\Pipeline\Pipeline.php(125): Illuminate\Cookie\Middleware\AddQueuedCookiesToResponse->handle()
#41 C:\wamp\www\Projects\MDCMS\vendor\laravel\framework\src\Illuminate\Cookie\Middleware\EncryptCookies.php(40): Illuminate\Pipeline\Pipeline->Illuminate\Pipeline\{closure}()
#42 C:\wamp\www\Projects\MDCMS\vendor\laravel\framework\src\Illuminate\Pipeline\Pipeline.php(125): Illuminate\Cookie\Middleware\EncryptCookies->handle()
#43 C:\wamp\www\Projects\MDCMS\vendor\laravel\framework\src\Illuminate\Foundation\Http\Middleware\CheckForMaintenanceMode.php(42): Illuminate\Pipeline\Pipeline->Illuminate\Pipeline\{closure}()
#44 C:\wamp\www\Projects\MDCMS\vendor\laravel\framework\src\Illuminate\Pipeline\Pipeline.php(125): Illuminate\Foundation\Http\Middleware\CheckForMaintenanceMode->handle()
#45 C:\wamp\www\Projects\MDCMS\vendor\laravel\framework\src\Illuminate\Pipeline\Pipeline.php(101): Illuminate\Pipeline\Pipeline->Illuminate\Pipeline\{closure}()
#46 C:\wamp\www\Projects\MDCMS\vendor\laravel\framework\src\Illuminate\Pipeline\Pipeline.php(101): call_user_func:{C:\wamp\www\Projects\MDCMS\vendor\laravel\framework\src\Illuminate\Pipeline\Pipeline.php:101}()
#47 C:\wamp\www\Projects\MDCMS\vendor\laravel\framework\src\Illuminate\Foundation\Http\Kernel.php(115): Illuminate\Pipeline\Pipeline->then()
#48 C:\wamp\www\Projects\MDCMS\vendor\laravel\framework\src\Illuminate\Foundation\Http\Kernel.php(84): Illuminate\Foundation\Http\Kernel->sendRequestThroughRouter()
#49 C:\wamp\www\Projects\MDCMS\public\index.php(54): Illuminate\Foundation\Http\Kernel->handle()
#50 C:\wamp\www\Projects\MDCMS\server.php(21): ()
#51 C:\wamp\www\Projects\MDCMS\server.php(0): {main}()
#52 {main}  
[2015-09-09 09:04:41] local.ERROR: exception 'Symfony\Component\Debug\Exception\FatalErrorException' with message 'Trait 'App\SoftDeletes' not found' in C:\wamp\www\Projects\MDCMS\app\User.php:15
Stack trace:
#0 C:\wamp\www\Projects\MDCMS\vendor\laravel\framework\src\Illuminate\Foundation\Bootstrap\HandleExceptions.php(131): Symfony\Component\Debug\Exception\FatalErrorException->__construct()
#1 C:\wamp\www\Projects\MDCMS\vendor\laravel\framework\src\Illuminate\Foundation\Bootstrap\HandleExceptions.php(116): Illuminate\Foundation\Bootstrap\HandleExceptions->fatalExceptionFromError()
#2 C:\wamp\www\Projects\MDCMS\vendor\laravel\framework\src\Illuminate\Foundation\Bootstrap\HandleExceptions.php(0): Illuminate\Foundation\Bootstrap\HandleExceptions->handleShutdown()
#3 C:\wamp\www\Projects\MDCMS\vendor\composer\ClassLoader.php(412): ()
#4 C:\wamp\www\Projects\MDCMS\vendor\composer\ClassLoader.php(301): Composer\Autoload\includeFile()
#5 C:\wamp\www\Projects\MDCMS\vendor\laravel\framework\src\Illuminate\Routing\Controller.php(0): Composer\Autoload\ClassLoader->loadClass()
#6 C:\wamp\www\Projects\MDCMS\vendor\laravel\framework\src\Illuminate\Routing\Controller.php(54): spl_autoload_call()
#7 C:\wamp\www\Projects\MDCMS\vendor\laravel\framework\src\Illuminate\Routing\Controller.php(246): App\Http\Controllers\AuthController->login()
#8 C:\wamp\www\Projects\MDCMS\vendor\laravel\framework\src\Illuminate\Routing\Controller.php(246): call_user_func_array:{C:\wamp\www\Projects\MDCMS\vendor\laravel\framework\src\Illuminate\Routing\Controller.php:246}()
#9 C:\wamp\www\Projects\MDCMS\vendor\laravel\framework\src\Illuminate\Routing\ControllerDispatcher.php(162): Illuminate\Routing\Controller->callAction()
#10 C:\wamp\www\Projects\MDCMS\vendor\laravel\framework\src\Illuminate\Routing\ControllerDispatcher.php(107): Illuminate\Routing\ControllerDispatcher->call()
#11 C:\wamp\www\Projects\MDCMS\vendor\laravel\framework\src\Illuminate\Pipeline\Pipeline.php(141): Illuminate\Routing\ControllerDispatcher->Illuminate\Routing\{closure}()
#12 C:\wamp\www\Projects\MDCMS\vendor\laravel\framework\src\Illuminate\Pipeline\Pipeline.php(141): call_user_func:{C:\wamp\www\Projects\MDCMS\vendor\laravel\framework\src\Illuminate\Pipeline\Pipeline.php:141}()
#13 C:\wamp\www\Projects\MDCMS\vendor\laravel\framework\src\Illuminate\Pipeline\Pipeline.php(101): Illuminate\Pipeline\Pipeline->Illuminate\Pipeline\{closure}()
#14 C:\wamp\www\Projects\MDCMS\vendor\laravel\framework\src\Illuminate\Pipeline\Pipeline.php(101): call_user_func:{C:\wamp\www\Projects\MDCMS\vendor\laravel\framework\src\Illuminate\Pipeline\Pipeline.php:101}()
#15 C:\wamp\www\Projects\MDCMS\vendor\laravel\framework\src\Illuminate\Routing\ControllerDispatcher.php(108): Illuminate\Pipeline\Pipeline->then()
#16 C:\wamp\www\Projects\MDCMS\vendor\laravel\framework\src\Illuminate\Routing\ControllerDispatcher.php(67): Illuminate\Routing\ControllerDispatcher->callWithinStack()
#17 C:\wamp\www\Projects\MDCMS\vendor\laravel\framework\src\Illuminate\Routing\Route.php(204): Illuminate\Routing\ControllerDispatcher->dispatch()
#18 C:\wamp\www\Projects\MDCMS\vendor\laravel\framework\src\Illuminate\Routing\Route.php(134): Illuminate\Routing\Route->runWithCustomDispatcher()
#19 C:\wamp\www\Projects\MDCMS\vendor\laravel\framework\src\Illuminate\Routing\Router.php(701): Illuminate\Routing\Route->run()
#20 C:\wamp\www\Projects\MDCMS\vendor\laravel\framework\src\Illuminate\Pipeline\Pipeline.php(141): Illuminate\Routing\Router->Illuminate\Routing\{closure}()
#21 C:\wamp\www\Projects\MDCMS\vendor\laravel\framework\src\Illuminate\Pipeline\Pipeline.php(141): call_user_func:{C:\wamp\www\Projects\MDCMS\vendor\laravel\framework\src\Illuminate\Pipeline\Pipeline.php:141}()
#22 C:\wamp\www\Projects\MDCMS\vendor\laravel\framework\src\Illuminate\Pipeline\Pipeline.php(101): Illuminate\Pipeline\Pipeline->Illuminate\Pipeline\{closure}()
#23 C:\wamp\www\Projects\MDCMS\vendor\laravel\framework\src\Illuminate\Pipeline\Pipeline.php(101): call_user_func:{C:\wamp\www\Projects\MDCMS\vendor\laravel\framework\src\Illuminate\Pipeline\Pipeline.php:101}()
#24 C:\wamp\www\Projects\MDCMS\vendor\laravel\framework\src\Illuminate\Routing\Router.php(703): Illuminate\Pipeline\Pipeline->then()
#25 C:\wamp\www\Projects\MDCMS\vendor\laravel\framework\src\Illuminate\Routing\Router.php(670): Illuminate\Routing\Router->runRouteWithinStack()
#26 C:\wamp\www\Projects\MDCMS\vendor\laravel\framework\src\Illuminate\Routing\Router.php(628): Illuminate\Routing\Router->dispatchToRoute()
#27 C:\wamp\www\Projects\MDCMS\vendor\laravel\framework\src\Illuminate\Foundation\Http\Kernel.php(214): Illuminate\Routing\Router->dispatch()
#28 C:\wamp\www\Projects\MDCMS\vendor\laravel\framework\src\Illuminate\Pipeline\Pipeline.php(141): Illuminate\Foundation\Http\Kernel->Illuminate\Foundation\Http\{closure}()
#29 C:\wamp\www\Projects\MDCMS\vendor\laravel\framework\src\Illuminate\Pipeline\Pipeline.php(141): call_user_func:{C:\wamp\www\Projects\MDCMS\vendor\laravel\framework\src\Illuminate\Pipeline\Pipeline.php:141}()
#30 C:\wamp\www\Projects\MDCMS\vendor\laravel\framework\src\Illuminate\Foundation\Http\Middleware\VerifyCsrfToken.php(43): Illuminate\Pipeline\Pipeline->Illuminate\Pipeline\{closure}()
#31 C:\wamp\www\Projects\MDCMS\app\Http\Middleware\VerifyCsrfToken.php(17): Illuminate\Foundation\Http\Middleware\VerifyCsrfToken->handle()
#32 C:\wamp\www\Projects\MDCMS\vendor\laravel\framework\src\Illuminate\Pipeline\Pipeline.php(125): App\Http\Middleware\VerifyCsrfToken->handle()
#33 C:\wamp\www\Projects\MDCMS\vendor\laravel\framework\src\Illuminate\View\Middleware\ShareErrorsFromSession.php(55): Illuminate\Pipeline\Pipeline->Illuminate\Pipeline\{closure}()
#34 C:\wamp\www\Projects\MDCMS\vendor\laravel\framework\src\Illuminate\Pipeline\Pipeline.php(125): Illuminate\View\Middleware\ShareErrorsFromSession->handle()
#35 C:\wamp\www\Projects\MDCMS\vendor\laravel\framework\src\Illuminate\Session\Middleware\StartSession.php(61): Illuminate\Pipeline\Pipeline->Illuminate\Pipeline\{closure}()
#36 C:\wamp\www\Projects\MDCMS\vendor\laravel\framework\src\Illuminate\Pipeline\Pipeline.php(125): Illuminate\Session\Middleware\StartSession->handle()
#37 C:\wamp\www\Projects\MDCMS\vendor\laravel\framework\src\Illuminate\Cookie\Middleware\AddQueuedCookiesToResponse.php(36): Illuminate\Pipeline\Pipeline->Illuminate\Pipeline\{closure}()
#38 C:\wamp\www\Projects\MDCMS\vendor\laravel\framework\src\Illuminate\Pipeline\Pipeline.php(125): Illuminate\Cookie\Middleware\AddQueuedCookiesToResponse->handle()
#39 C:\wamp\www\Projects\MDCMS\vendor\laravel\framework\src\Illuminate\Cookie\Middleware\EncryptCookies.php(40): Illuminate\Pipeline\Pipeline->Illuminate\Pipeline\{closure}()
#40 C:\wamp\www\Projects\MDCMS\vendor\laravel\framework\src\Illuminate\Pipeline\Pipeline.php(125): Illuminate\Cookie\Middleware\EncryptCookies->handle()
#41 C:\wamp\www\Projects\MDCMS\vendor\laravel\framework\src\Illuminate\Foundation\Http\Middleware\CheckForMaintenanceMode.php(42): Illuminate\Pipeline\Pipeline->Illuminate\Pipeline\{closure}()
#42 C:\wamp\www\Projects\MDCMS\vendor\laravel\framework\src\Illuminate\Pipeline\Pipeline.php(125): Illuminate\Foundation\Http\Middleware\CheckForMaintenanceMode->handle()
#43 C:\wamp\www\Projects\MDCMS\vendor\laravel\framework\src\Illuminate\Pipeline\Pipeline.php(101): Illuminate\Pipeline\Pipeline->Illuminate\Pipeline\{closure}()
#44 C:\wamp\www\Projects\MDCMS\vendor\laravel\framework\src\Illuminate\Pipeline\Pipeline.php(101): call_user_func:{C:\wamp\www\Projects\MDCMS\vendor\laravel\framework\src\Illuminate\Pipeline\Pipeline.php:101}()
#45 C:\wamp\www\Projects\MDCMS\vendor\laravel\framework\src\Illuminate\Foundation\Http\Kernel.php(115): Illuminate\Pipeline\Pipeline->then()
#46 C:\wamp\www\Projects\MDCMS\vendor\laravel\framework\src\Illuminate\Foundation\Http\Kernel.php(84): Illuminate\Foundation\Http\Kernel->sendRequestThroughRouter()
#47 C:\wamp\www\Projects\MDCMS\public\index.php(54): Illuminate\Foundation\Http\Kernel->handle()
#48 C:\wamp\www\Projects\MDCMS\server.php(21): ()
#49 C:\wamp\www\Projects\MDCMS\server.php(0): {main}()
#50 {main}  
[2015-09-09 09:17:21] local.ERROR: exception 'Illuminate\Session\TokenMismatchException' in C:\wamp\www\Projects\MDCMS\vendor\laravel\framework\src\Illuminate\Foundation\Http\Middleware\VerifyCsrfToken.php:46
Stack trace:
#0 C:\wamp\www\Projects\MDCMS\app\Http\Middleware\VerifyCsrfToken.php(17): Illuminate\Foundation\Http\Middleware\VerifyCsrfToken->handle(Object(Illuminate\Http\Request), Object(Closure))
#1 C:\wamp\www\Projects\MDCMS\vendor\laravel\framework\src\Illuminate\Pipeline\Pipeline.php(125): App\Http\Middleware\VerifyCsrfToken->handle(Object(Illuminate\Http\Request), Object(Closure))
#2 C:\wamp\www\Projects\MDCMS\vendor\laravel\framework\src\Illuminate\View\Middleware\ShareErrorsFromSession.php(55): Illuminate\Pipeline\Pipeline->Illuminate\Pipeline\{closure}(Object(Illuminate\Http\Request))
#3 C:\wamp\www\Projects\MDCMS\vendor\laravel\framework\src\Illuminate\Pipeline\Pipeline.php(125): Illuminate\View\Middleware\ShareErrorsFromSession->handle(Object(Illuminate\Http\Request), Object(Closure))
#4 C:\wamp\www\Projects\MDCMS\vendor\laravel\framework\src\Illuminate\Session\Middleware\StartSession.php(61): Illuminate\Pipeline\Pipeline->Illuminate\Pipeline\{closure}(Object(Illuminate\Http\Request))
#5 C:\wamp\www\Projects\MDCMS\vendor\laravel\framework\src\Illuminate\Pipeline\Pipeline.php(125): Illuminate\Session\Middleware\StartSession->handle(Object(Illuminate\Http\Request), Object(Closure))
#6 C:\wamp\www\Projects\MDCMS\vendor\laravel\framework\src\Illuminate\Cookie\Middleware\AddQueuedCookiesToResponse.php(36): Illuminate\Pipeline\Pipeline->Illuminate\Pipeline\{closure}(Object(Illuminate\Http\Request))
#7 C:\wamp\www\Projects\MDCMS\vendor\laravel\framework\src\Illuminate\Pipeline\Pipeline.php(125): Illuminate\Cookie\Middleware\AddQueuedCookiesToResponse->handle(Object(Illuminate\Http\Request), Object(Closure))
#8 C:\wamp\www\Projects\MDCMS\vendor\laravel\framework\src\Illuminate\Cookie\Middleware\EncryptCookies.php(40): Illuminate\Pipeline\Pipeline->Illuminate\Pipeline\{closure}(Object(Illuminate\Http\Request))
#9 C:\wamp\www\Projects\MDCMS\vendor\laravel\framework\src\Illuminate\Pipeline\Pipeline.php(125): Illuminate\Cookie\Middleware\EncryptCookies->handle(Object(Illuminate\Http\Request), Object(Closure))
#10 C:\wamp\www\Projects\MDCMS\vendor\laravel\framework\src\Illuminate\Foundation\Http\Middleware\CheckForMaintenanceMode.php(42): Illuminate\Pipeline\Pipeline->Illuminate\Pipeline\{closure}(Object(Illuminate\Http\Request))
#11 C:\wamp\www\Projects\MDCMS\vendor\laravel\framework\src\Illuminate\Pipeline\Pipeline.php(125): Illuminate\Foundation\Http\Middleware\CheckForMaintenanceMode->handle(Object(Illuminate\Http\Request), Object(Closure))
#12 [internal function]: Illuminate\Pipeline\Pipeline->Illuminate\Pipeline\{closure}(Object(Illuminate\Http\Request))
#13 C:\wamp\www\Projects\MDCMS\vendor\laravel\framework\src\Illuminate\Pipeline\Pipeline.php(101): call_user_func(Object(Closure), Object(Illuminate\Http\Request))
#14 C:\wamp\www\Projects\MDCMS\vendor\laravel\framework\src\Illuminate\Foundation\Http\Kernel.php(115): Illuminate\Pipeline\Pipeline->then(Object(Closure))
#15 C:\wamp\www\Projects\MDCMS\vendor\laravel\framework\src\Illuminate\Foundation\Http\Kernel.php(84): Illuminate\Foundation\Http\Kernel->sendRequestThroughRouter(Object(Illuminate\Http\Request))
#16 C:\wamp\www\Projects\MDCMS\public\index.php(54): Illuminate\Foundation\Http\Kernel->handle(Object(Illuminate\Http\Request))
#17 C:\wamp\www\Projects\MDCMS\server.php(21): require_once('C:\\wamp\\www\\Pro...')
#18 {main}  
[2015-09-09 09:58:08] local.ERROR: exception 'Symfony\Component\Debug\Exception\FatalErrorException' with message 'Call to a member function delete() on a non-object' in C:\wamp\www\Projects\MDCMS\app\Http\Controllers\OrdersController.php:202
Stack trace:
#0 C:\wamp\www\Projects\MDCMS\vendor\laravel\framework\src\Illuminate\Foundation\Bootstrap\HandleExceptions.php(131): Symfony\Component\Debug\Exception\FatalErrorException->__construct()
#1 C:\wamp\www\Projects\MDCMS\vendor\laravel\framework\src\Illuminate\Foundation\Bootstrap\HandleExceptions.php(116): Illuminate\Foundation\Bootstrap\HandleExceptions->fatalExceptionFromError()
#2 C:\wamp\www\Projects\MDCMS\vendor\laravel\framework\src\Illuminate\Foundation\Bootstrap\HandleExceptions.php(0): Illuminate\Foundation\Bootstrap\HandleExceptions->handleShutdown()
#3 C:\wamp\www\Projects\MDCMS\vendor\laravel\framework\src\Illuminate\Routing\Controller.php(246): App\Http\Controllers\OrdersController->destroy()
#4 C:\wamp\www\Projects\MDCMS\vendor\laravel\framework\src\Illuminate\Routing\Controller.php(246): call_user_func_array:{C:\wamp\www\Projects\MDCMS\vendor\laravel\framework\src\Illuminate\Routing\Controller.php:246}()
#5 C:\wamp\www\Projects\MDCMS\vendor\laravel\framework\src\Illuminate\Routing\ControllerDispatcher.php(162): Illuminate\Routing\Controller->callAction()
#6 C:\wamp\www\Projects\MDCMS\vendor\laravel\framework\src\Illuminate\Routing\ControllerDispatcher.php(107): Illuminate\Routing\ControllerDispatcher->call()
#7 C:\wamp\www\Projects\MDCMS\vendor\laravel\framework\src\Illuminate\Pipeline\Pipeline.php(141): Illuminate\Routing\ControllerDispatcher->Illuminate\Routing\{closure}()
#8 C:\wamp\www\Projects\MDCMS\vendor\laravel\framework\src\Illuminate\Pipeline\Pipeline.php(141): call_user_func:{C:\wamp\www\Projects\MDCMS\vendor\laravel\framework\src\Illuminate\Pipeline\Pipeline.php:141}()
#9 C:\wamp\www\Projects\MDCMS\vendor\laravel\framework\src\Illuminate\Pipeline\Pipeline.php(101): Illuminate\Pipeline\Pipeline->Illuminate\Pipeline\{closure}()
#10 C:\wamp\www\Projects\MDCMS\vendor\laravel\framework\src\Illuminate\Pipeline\Pipeline.php(101): call_user_func:{C:\wamp\www\Projects\MDCMS\vendor\laravel\framework\src\Illuminate\Pipeline\Pipeline.php:101}()
#11 C:\wamp\www\Projects\MDCMS\vendor\laravel\framework\src\Illuminate\Routing\ControllerDispatcher.php(108): Illuminate\Pipeline\Pipeline->then()
#12 C:\wamp\www\Projects\MDCMS\vendor\laravel\framework\src\Illuminate\Routing\ControllerDispatcher.php(67): Illuminate\Routing\ControllerDispatcher->callWithinStack()
#13 C:\wamp\www\Projects\MDCMS\vendor\laravel\framework\src\Illuminate\Routing\Route.php(204): Illuminate\Routing\ControllerDispatcher->dispatch()
#14 C:\wamp\www\Projects\MDCMS\vendor\laravel\framework\src\Illuminate\Routing\Route.php(134): Illuminate\Routing\Route->runWithCustomDispatcher()
#15 C:\wamp\www\Projects\MDCMS\vendor\laravel\framework\src\Illuminate\Routing\Router.php(701): Illuminate\Routing\Route->run()
#16 C:\wamp\www\Projects\MDCMS\vendor\laravel\framework\src\Illuminate\Pipeline\Pipeline.php(141): Illuminate\Routing\Router->Illuminate\Routing\{closure}()
#17 C:\wamp\www\Projects\MDCMS\vendor\laravel\framework\src\Illuminate\Pipeline\Pipeline.php(141): call_user_func:{C:\wamp\www\Projects\MDCMS\vendor\laravel\framework\src\Illuminate\Pipeline\Pipeline.php:141}()
#18 C:\wamp\www\Projects\MDCMS\app\Http\Middleware\Authenticate.php(49): Illuminate\Pipeline\Pipeline->Illuminate\Pipeline\{closure}()
#19 C:\wamp\www\Projects\MDCMS\vendor\laravel\framework\src\Illuminate\Pipeline\Pipeline.php(125): App\Http\Middleware\Authenticate->handle()
#20 C:\wamp\www\Projects\MDCMS\vendor\laravel\framework\src\Illuminate\Pipeline\Pipeline.php(101): Illuminate\Pipeline\Pipeline->Illuminate\Pipeline\{closure}()
#21 C:\wamp\www\Projects\MDCMS\vendor\laravel\framework\src\Illuminate\Pipeline\Pipeline.php(101): call_user_func:{C:\wamp\www\Projects\MDCMS\vendor\laravel\framework\src\Illuminate\Pipeline\Pipeline.php:101}()
#22 C:\wamp\www\Projects\MDCMS\vendor\laravel\framework\src\Illuminate\Routing\Router.php(703): Illuminate\Pipeline\Pipeline->then()
#23 C:\wamp\www\Projects\MDCMS\vendor\laravel\framework\src\Illuminate\Routing\Router.php(670): Illuminate\Routing\Router->runRouteWithinStack()
#24 C:\wamp\www\Projects\MDCMS\vendor\laravel\framework\src\Illuminate\Routing\Router.php(628): Illuminate\Routing\Router->dispatchToRoute()
#25 C:\wamp\www\Projects\MDCMS\vendor\laravel\framework\src\Illuminate\Foundation\Http\Kernel.php(214): Illuminate\Routing\Router->dispatch()
#26 C:\wamp\www\Projects\MDCMS\vendor\laravel\framework\src\Illuminate\Pipeline\Pipeline.php(141): Illuminate\Foundation\Http\Kernel->Illuminate\Foundation\Http\{closure}()
#27 C:\wamp\www\Projects\MDCMS\vendor\laravel\framework\src\Illuminate\Pipeline\Pipeline.php(141): call_user_func:{C:\wamp\www\Projects\MDCMS\vendor\laravel\framework\src\Illuminate\Pipeline\Pipeline.php:141}()
#28 C:\wamp\www\Projects\MDCMS\vendor\laravel\framework\src\Illuminate\Foundation\Http\Middleware\VerifyCsrfToken.php(43): Illuminate\Pipeline\Pipeline->Illuminate\Pipeline\{closure}()
#29 C:\wamp\www\Projects\MDCMS\app\Http\Middleware\VerifyCsrfToken.php(17): Illuminate\Foundation\Http\Middleware\VerifyCsrfToken->handle()
#30 C:\wamp\www\Projects\MDCMS\vendor\laravel\framework\src\Illuminate\Pipeline\Pipeline.php(125): App\Http\Middleware\VerifyCsrfToken->handle()
#31 C:\wamp\www\Projects\MDCMS\vendor\laravel\framework\src\Illuminate\View\Middleware\ShareErrorsFromSession.php(55): Illuminate\Pipeline\Pipeline->Illuminate\Pipeline\{closure}()
#32 C:\wamp\www\Projects\MDCMS\vendor\laravel\framework\src\Illuminate\Pipeline\Pipeline.php(125): Illuminate\View\Middleware\ShareErrorsFromSession->handle()
#33 C:\wamp\www\Projects\MDCMS\vendor\laravel\framework\src\Illuminate\Session\Middleware\StartSession.php(61): Illuminate\Pipeline\Pipeline->Illuminate\Pipeline\{closure}()
#34 C:\wamp\www\Projects\MDCMS\vendor\laravel\framework\src\Illuminate\Pipeline\Pipeline.php(125): Illuminate\Session\Middleware\StartSession->handle()
#35 C:\wamp\www\Projects\MDCMS\vendor\laravel\framework\src\Illuminate\Cookie\Middleware\AddQueuedCookiesToResponse.php(36): Illuminate\Pipeline\Pipeline->Illuminate\Pipeline\{closure}()
#36 C:\wamp\www\Projects\MDCMS\vendor\laravel\framework\src\Illuminate\Pipeline\Pipeline.php(125): Illuminate\Cookie\Middleware\AddQueuedCookiesToResponse->handle()
#37 C:\wamp\www\Projects\MDCMS\vendor\laravel\framework\src\Illuminate\Cookie\Middleware\EncryptCookies.php(40): Illuminate\Pipeline\Pipeline->Illuminate\Pipeline\{closure}()
#38 C:\wamp\www\Projects\MDCMS\vendor\laravel\framework\src\Illuminate\Pipeline\Pipeline.php(125): Illuminate\Cookie\Middleware\EncryptCookies->handle()
#39 C:\wamp\www\Projects\MDCMS\vendor\laravel\framework\src\Illuminate\Foundation\Http\Middleware\CheckForMaintenanceMode.php(42): Illuminate\Pipeline\Pipeline->Illuminate\Pipeline\{closure}()
#40 C:\wamp\www\Projects\MDCMS\vendor\laravel\framework\src\Illuminate\Pipeline\Pipeline.php(125): Illuminate\Foundation\Http\Middleware\CheckForMaintenanceMode->handle()
#41 C:\wamp\www\Projects\MDCMS\vendor\laravel\framework\src\Illuminate\Pipeline\Pipeline.php(101): Illuminate\Pipeline\Pipeline->Illuminate\Pipeline\{closure}()
#42 C:\wamp\www\Projects\MDCMS\vendor\laravel\framework\src\Illuminate\Pipeline\Pipeline.php(101): call_user_func:{C:\wamp\www\Projects\MDCMS\vendor\laravel\framework\src\Illuminate\Pipeline\Pipeline.php:101}()
#43 C:\wamp\www\Projects\MDCMS\vendor\laravel\framework\src\Illuminate\Foundation\Http\Kernel.php(115): Illuminate\Pipeline\Pipeline->then()
#44 C:\wamp\www\Projects\MDCMS\vendor\laravel\framework\src\Illuminate\Foundation\Http\Kernel.php(84): Illuminate\Foundation\Http\Kernel->sendRequestThroughRouter()
#45 C:\wamp\www\Projects\MDCMS\public\index.php(54): Illuminate\Foundation\Http\Kernel->handle()
#46 C:\wamp\www\Projects\MDCMS\server.php(21): ()
#47 C:\wamp\www\Projects\MDCMS\server.php(0): {main}()
#48 {main}  
[2015-09-09 10:04:02] local.ERROR: exception 'Symfony\Component\Debug\Exception\FatalErrorException' with message 'syntax error, unexpected '$status' (T_VARIABLE)' in C:\wamp\www\Projects\MDCMS\app\Http\Controllers\OrdersController.php:204
Stack trace:
#0 C:\wamp\www\Projects\MDCMS\vendor\laravel\framework\src\Illuminate\Foundation\Bootstrap\HandleExceptions.php(131): Symfony\Component\Debug\Exception\FatalErrorException->__construct()
#1 C:\wamp\www\Projects\MDCMS\vendor\laravel\framework\src\Illuminate\Foundation\Bootstrap\HandleExceptions.php(116): Illuminate\Foundation\Bootstrap\HandleExceptions->fatalExceptionFromError()
#2 C:\wamp\www\Projects\MDCMS\vendor\laravel\framework\src\Illuminate\Foundation\Bootstrap\HandleExceptions.php(0): Illuminate\Foundation\Bootstrap\HandleExceptions->handleShutdown()
#3 C:\wamp\www\Projects\MDCMS\vendor\composer\ClassLoader.php(301): Composer\Autoload\includeFile()
#4 C:\wamp\www\Projects\MDCMS\vendor\laravel\framework\src\Illuminate\Container\Container.php(0): Composer\Autoload\ClassLoader->loadClass()
#5 C:\wamp\www\Projects\MDCMS\vendor\laravel\framework\src\Illuminate\Container\Container.php(779): spl_autoload_call()
#6 C:\wamp\www\Projects\MDCMS\vendor\laravel\framework\src\Illuminate\Container\Container.php(779): ReflectionClass->__construct()
#7 C:\wamp\www\Projects\MDCMS\vendor\laravel\framework\src\Illuminate\Container\Container.php(659): Illuminate\Container\Container->build()
#8 C:\wamp\www\Projects\MDCMS\vendor\laravel\framework\src\Illuminate\Foundation\Application.php(644): Illuminate\Container\Container->make()
#9 C:\wamp\www\Projects\MDCMS\vendor\laravel\framework\src\Illuminate\Routing\ControllerDispatcher.php(83): Illuminate\Foundation\Application->make()
#10 C:\wamp\www\Projects\MDCMS\vendor\laravel\framework\src\Illuminate\Routing\ControllerDispatcher.php(54): Illuminate\Routing\ControllerDispatcher->makeController()
#11 C:\wamp\www\Projects\MDCMS\vendor\laravel\framework\src\Illuminate\Routing\Route.php(204): Illuminate\Routing\ControllerDispatcher->dispatch()
#12 C:\wamp\www\Projects\MDCMS\vendor\laravel\framework\src\Illuminate\Routing\Route.php(134): Illuminate\Routing\Route->runWithCustomDispatcher()
#13 C:\wamp\www\Projects\MDCMS\vendor\laravel\framework\src\Illuminate\Routing\Router.php(701): Illuminate\Routing\Route->run()
#14 C:\wamp\www\Projects\MDCMS\vendor\laravel\framework\src\Illuminate\Pipeline\Pipeline.php(141): Illuminate\Routing\Router->Illuminate\Routing\{closure}()
#15 C:\wamp\www\Projects\MDCMS\vendor\laravel\framework\src\Illuminate\Pipeline\Pipeline.php(141): call_user_func:{C:\wamp\www\Projects\MDCMS\vendor\laravel\framework\src\Illuminate\Pipeline\Pipeline.php:141}()
#16 C:\wamp\www\Projects\MDCMS\app\Http\Middleware\Authenticate.php(49): Illuminate\Pipeline\Pipeline->Illuminate\Pipeline\{closure}()
#17 C:\wamp\www\Projects\MDCMS\vendor\laravel\framework\src\Illuminate\Pipeline\Pipeline.php(125): App\Http\Middleware\Authenticate->handle()
#18 C:\wamp\www\Projects\MDCMS\vendor\laravel\framework\src\Illuminate\Pipeline\Pipeline.php(101): Illuminate\Pipeline\Pipeline->Illuminate\Pipeline\{closure}()
#19 C:\wamp\www\Projects\MDCMS\vendor\laravel\framework\src\Illuminate\Pipeline\Pipeline.php(101): call_user_func:{C:\wamp\www\Projects\MDCMS\vendor\laravel\framework\src\Illuminate\Pipeline\Pipeline.php:101}()
#20 C:\wamp\www\Projects\MDCMS\vendor\laravel\framework\src\Illuminate\Routing\Router.php(703): Illuminate\Pipeline\Pipeline->then()
#21 C:\wamp\www\Projects\MDCMS\vendor\laravel\framework\src\Illuminate\Routing\Router.php(670): Illuminate\Routing\Router->runRouteWithinStack()
#22 C:\wamp\www\Projects\MDCMS\vendor\laravel\framework\src\Illuminate\Routing\Router.php(628): Illuminate\Routing\Router->dispatchToRoute()
#23 C:\wamp\www\Projects\MDCMS\vendor\laravel\framework\src\Illuminate\Foundation\Http\Kernel.php(214): Illuminate\Routing\Router->dispatch()
#24 C:\wamp\www\Projects\MDCMS\vendor\laravel\framework\src\Illuminate\Pipeline\Pipeline.php(141): Illuminate\Foundation\Http\Kernel->Illuminate\Foundation\Http\{closure}()
#25 C:\wamp\www\Projects\MDCMS\vendor\laravel\framework\src\Illuminate\Pipeline\Pipeline.php(141): call_user_func:{C:\wamp\www\Projects\MDCMS\vendor\laravel\framework\src\Illuminate\Pipeline\Pipeline.php:141}()
#26 C:\wamp\www\Projects\MDCMS\vendor\laravel\framework\src\Illuminate\Foundation\Http\Middleware\VerifyCsrfToken.php(43): Illuminate\Pipeline\Pipeline->Illuminate\Pipeline\{closure}()
#27 C:\wamp\www\Projects\MDCMS\app\Http\Middleware\VerifyCsrfToken.php(17): Illuminate\Foundation\Http\Middleware\VerifyCsrfToken->handle()
#28 C:\wamp\www\Projects\MDCMS\vendor\laravel\framework\src\Illuminate\Pipeline\Pipeline.php(125): App\Http\Middleware\VerifyCsrfToken->handle()
#29 C:\wamp\www\Projects\MDCMS\vendor\laravel\framework\src\Illuminate\View\Middleware\ShareErrorsFromSession.php(55): Illuminate\Pipeline\Pipeline->Illuminate\Pipeline\{closure}()
#30 C:\wamp\www\Projects\MDCMS\vendor\laravel\framework\src\Illuminate\Pipeline\Pipeline.php(125): Illuminate\View\Middleware\ShareErrorsFromSession->handle()
#31 C:\wamp\www\Projects\MDCMS\vendor\laravel\framework\src\Illuminate\Session\Middleware\StartSession.php(61): Illuminate\Pipeline\Pipeline->Illuminate\Pipeline\{closure}()
#32 C:\wamp\www\Projects\MDCMS\vendor\laravel\framework\src\Illuminate\Pipeline\Pipeline.php(125): Illuminate\Session\Middleware\StartSession->handle()
#33 C:\wamp\www\Projects\MDCMS\vendor\laravel\framework\src\Illuminate\Cookie\Middleware\AddQueuedCookiesToResponse.php(36): Illuminate\Pipeline\Pipeline->Illuminate\Pipeline\{closure}()
#34 C:\wamp\www\Projects\MDCMS\vendor\laravel\framework\src\Illuminate\Pipeline\Pipeline.php(125): Illuminate\Cookie\Middleware\AddQueuedCookiesToResponse->handle()
#35 C:\wamp\www\Projects\MDCMS\vendor\laravel\framework\src\Illuminate\Cookie\Middleware\EncryptCookies.php(40): Illuminate\Pipeline\Pipeline->Illuminate\Pipeline\{closure}()
#36 C:\wamp\www\Projects\MDCMS\vendor\laravel\framework\src\Illuminate\Pipeline\Pipeline.php(125): Illuminate\Cookie\Middleware\EncryptCookies->handle()
#37 C:\wamp\www\Projects\MDCMS\vendor\laravel\framework\src\Illuminate\Foundation\Http\Middleware\CheckForMaintenanceMode.php(42): Illuminate\Pipeline\Pipeline->Illuminate\Pipeline\{closure}()
#38 C:\wamp\www\Projects\MDCMS\vendor\laravel\framework\src\Illuminate\Pipeline\Pipeline.php(125): Illuminate\Foundation\Http\Middleware\CheckForMaintenanceMode->handle()
#39 C:\wamp\www\Projects\MDCMS\vendor\laravel\framework\src\Illuminate\Pipeline\Pipeline.php(101): Illuminate\Pipeline\Pipeline->Illuminate\Pipeline\{closure}()
#40 C:\wamp\www\Projects\MDCMS\vendor\laravel\framework\src\Illuminate\Pipeline\Pipeline.php(101): call_user_func:{C:\wamp\www\Projects\MDCMS\vendor\laravel\framework\src\Illuminate\Pipeline\Pipeline.php:101}()
#41 C:\wamp\www\Projects\MDCMS\vendor\laravel\framework\src\Illuminate\Foundation\Http\Kernel.php(115): Illuminate\Pipeline\Pipeline->then()
#42 C:\wamp\www\Projects\MDCMS\vendor\laravel\framework\src\Illuminate\Foundation\Http\Kernel.php(84): Illuminate\Foundation\Http\Kernel->sendRequestThroughRouter()
#43 C:\wamp\www\Projects\MDCMS\public\index.php(54): Illuminate\Foundation\Http\Kernel->handle()
#44 C:\wamp\www\Projects\MDCMS\server.php(21): ()
#45 C:\wamp\www\Projects\MDCMS\server.php(0): {main}()
#46 {main}  
