[2015-09-11 11:05:49] local.ERROR: exception 'Swift_TransportException' with message 'Expected response code 250 but got code "530", with message "530 5.7.1 Authentication required
"' in C:\wamp\www\Projects\MDCMS\vendor\swiftmailer\swiftmailer\lib\classes\Swift\Transport\AbstractSmtpTransport.php:383
Stack trace:
#0 C:\wamp\www\Projects\MDCMS\vendor\swiftmailer\swiftmailer\lib\classes\Swift\Transport\AbstractSmtpTransport.php(281): Swift_Transport_AbstractSmtpTransport->_assertResponseCode('530 5.7.1 Authe...', Array)
#1 C:\wamp\www\Projects\MDCMS\vendor\swiftmailer\swiftmailer\lib\classes\Swift\Transport\EsmtpTransport.php(243): Swift_Transport_AbstractSmtpTransport->executeCommand('MAIL FROM:<lewi...', Array, Array)
#2 C:\wamp\www\Projects\MDCMS\vendor\swiftmailer\swiftmailer\lib\classes\Swift\Transport\EsmtpTransport.php(322): Swift_Transport_EsmtpTransport->executeCommand('MAIL FROM:<lewi...', Array)
#3 C:\wamp\www\Projects\MDCMS\vendor\swiftmailer\swiftmailer\lib\classes\Swift\Transport\AbstractSmtpTransport.php(416): Swift_Transport_EsmtpTransport->_doMailFromCommand('lewis.dimmick@m...')
#4 C:\wamp\www\Projects\MDCMS\vendor\swiftmailer\swiftmailer\lib\classes\Swift\Transport\AbstractSmtpTransport.php(444): Swift_Transport_AbstractSmtpTransport->_doMailTransaction(Object(Swift_Message), 'lewis.dimmick@m...', Array, Array)
#5 C:\wamp\www\Projects\MDCMS\vendor\swiftmailer\swiftmailer\lib\classes\Swift\Transport\AbstractSmtpTransport.php(176): Swift_Transport_AbstractSmtpTransport->_sendTo(Object(Swift_Message), 'lewis.dimmick@m...', Array, Array)
#6 C:\wamp\www\Projects\MDCMS\vendor\swiftmailer\swiftmailer\lib\classes\Swift\Mailer.php(85): Swift_Transport_AbstractSmtpTransport->send(Object(Swift_Message), Array)
#7 C:\wamp\www\Projects\MDCMS\vendor\laravel\framework\src\Illuminate\Mail\Mailer.php(366): Swift_Mailer->send(Object(Swift_Message), Array)
#8 C:\wamp\www\Projects\MDCMS\vendor\laravel\framework\src\Illuminate\Mail\Mailer.php(168): Illuminate\Mail\Mailer->sendSwiftMessage(Object(Swift_Message))
#9 C:\wamp\www\Projects\MDCMS\vendor\laravel\framework\src\Illuminate\Support\Facades\Facade.php(216): Illuminate\Mail\Mailer->send('emails.reminder', Array, Object(Closure))
#10 C:\wamp\www\Projects\MDCMS\app\Http\Controllers\OrdersController.php(220): Illuminate\Support\Facades\Facade::__callStatic('send', Array)
#11 C:\wamp\www\Projects\MDCMS\app\Http\Controllers\OrdersController.php(220): Illuminate\Support\Facades\Mail::send('emails.reminder', Array, Object(Closure))
#12 [internal function]: App\Http\Controllers\OrdersController->sendEmailReminder(Object(Illuminate\Http\Request))
#13 C:\wamp\www\Projects\MDCMS\vendor\laravel\framework\src\Illuminate\Routing\Controller.php(246): call_user_func_array(Array, Array)
#14 C:\wamp\www\Projects\MDCMS\vendor\laravel\framework\src\Illuminate\Routing\ControllerDispatcher.php(162): Illuminate\Routing\Controller->callAction('sendEmailRemind...', Array)
#15 C:\wamp\www\Projects\MDCMS\vendor\laravel\framework\src\Illuminate\Routing\ControllerDispatcher.php(107): Illuminate\Routing\ControllerDispatcher->call(Object(App\Http\Controllers\OrdersController), Object(Illuminate\Routing\Route), 'sendEmailRemind...')
#16 [internal function]: Illuminate\Routing\ControllerDispatcher->Illuminate\Routing\{closure}(Object(Illuminate\Http\Request))
#17 C:\wamp\www\Projects\MDCMS\vendor\laravel\framework\src\Illuminate\Pipeline\Pipeline.php(141): call_user_func(Object(Closure), Object(Illuminate\Http\Request))
#18 [internal function]: Illuminate\Pipeline\Pipeline->Illuminate\Pipeline\{closure}(Object(Illuminate\Http\Request))
#19 C:\wamp\www\Projects\MDCMS\vendor\laravel\framework\src\Illuminate\Pipeline\Pipeline.php(101): call_user_func(Object(Closure), Object(Illuminate\Http\Request))
#20 C:\wamp\www\Projects\MDCMS\vendor\laravel\framework\src\Illuminate\Routing\ControllerDispatcher.php(108): Illuminate\Pipeline\Pipeline->then(Object(Closure))
#21 C:\wamp\www\Projects\MDCMS\vendor\laravel\framework\src\Illuminate\Routing\ControllerDispatcher.php(67): Illuminate\Routing\ControllerDispatcher->callWithinStack(Object(App\Http\Controllers\OrdersController), Object(Illuminate\Routing\Route), Object(Illuminate\Http\Request), 'sendEmailRemind...')
#22 C:\wamp\www\Projects\MDCMS\vendor\laravel\framework\src\Illuminate\Routing\Route.php(204): Illuminate\Routing\ControllerDispatcher->dispatch(Object(Illuminate\Routing\Route), Object(Illuminate\Http\Request), 'App\\Http\\Contro...', 'sendEmailRemind...')
#23 C:\wamp\www\Projects\MDCMS\vendor\laravel\framework\src\Illuminate\Routing\Route.php(134): Illuminate\Routing\Route->runWithCustomDispatcher(Object(Illuminate\Http\Request))
#24 C:\wamp\www\Projects\MDCMS\vendor\laravel\framework\src\Illuminate\Routing\Router.php(701): Illuminate\Routing\Route->run(Object(Illuminate\Http\Request))
#25 [internal function]: Illuminate\Routing\Router->Illuminate\Routing\{closure}(Object(Illuminate\Http\Request))
#26 C:\wamp\www\Projects\MDCMS\vendor\laravel\framework\src\Illuminate\Pipeline\Pipeline.php(141): call_user_func(Object(Closure), Object(Illuminate\Http\Request))
#27 C:\wamp\www\Projects\MDCMS\app\Http\Middleware\Authenticate.php(49): Illuminate\Pipeline\Pipeline->Illuminate\Pipeline\{closure}(Object(Illuminate\Http\Request))
#28 C:\wamp\www\Projects\MDCMS\vendor\laravel\framework\src\Illuminate\Pipeline\Pipeline.php(125): App\Http\Middleware\Authenticate->handle(Object(Illuminate\Http\Request), Object(Closure))
#29 [internal function]: Illuminate\Pipeline\Pipeline->Illuminate\Pipeline\{closure}(Object(Illuminate\Http\Request))
#30 C:\wamp\www\Projects\MDCMS\vendor\laravel\framework\src\Illuminate\Pipeline\Pipeline.php(101): call_user_func(Object(Closure), Object(Illuminate\Http\Request))
#31 C:\wamp\www\Projects\MDCMS\vendor\laravel\framework\src\Illuminate\Routing\Router.php(703): Illuminate\Pipeline\Pipeline->then(Object(Closure))
#32 C:\wamp\www\Projects\MDCMS\vendor\laravel\framework\src\Illuminate\Routing\Router.php(670): Illuminate\Routing\Router->runRouteWithinStack(Object(Illuminate\Routing\Route), Object(Illuminate\Http\Request))
#33 C:\wamp\www\Projects\MDCMS\vendor\laravel\framework\src\Illuminate\Routing\Router.php(628): Illuminate\Routing\Router->dispatchToRoute(Object(Illuminate\Http\Request))
#34 C:\wamp\www\Projects\MDCMS\vendor\laravel\framework\src\Illuminate\Foundation\Http\Kernel.php(214): Illuminate\Routing\Router->dispatch(Object(Illuminate\Http\Request))
#35 [internal function]: Illuminate\Foundation\Http\Kernel->Illuminate\Foundation\Http\{closure}(Object(Illuminate\Http\Request))
#36 C:\wamp\www\Projects\MDCMS\vendor\laravel\framework\src\Illuminate\Pipeline\Pipeline.php(141): call_user_func(Object(Closure), Object(Illuminate\Http\Request))
#37 C:\wamp\www\Projects\MDCMS\vendor\laravel\framework\src\Illuminate\Foundation\Http\Middleware\VerifyCsrfToken.php(43): Illuminate\Pipeline\Pipeline->Illuminate\Pipeline\{closure}(Object(Illuminate\Http\Request))
#38 C:\wamp\www\Projects\MDCMS\app\Http\Middleware\VerifyCsrfToken.php(17): Illuminate\Foundation\Http\Middleware\VerifyCsrfToken->handle(Object(Illuminate\Http\Request), Object(Closure))
#39 C:\wamp\www\Projects\MDCMS\vendor\laravel\framework\src\Illuminate\Pipeline\Pipeline.php(125): App\Http\Middleware\VerifyCsrfToken->handle(Object(Illuminate\Http\Request), Object(Closure))
#40 C:\wamp\www\Projects\MDCMS\vendor\laravel\framework\src\Illuminate\View\Middleware\ShareErrorsFromSession.php(55): Illuminate\Pipeline\Pipeline->Illuminate\Pipeline\{closure}(Object(Illuminate\Http\Request))
#41 C:\wamp\www\Projects\MDCMS\vendor\laravel\framework\src\Illuminate\Pipeline\Pipeline.php(125): Illuminate\View\Middleware\ShareErrorsFromSession->handle(Object(Illuminate\Http\Request), Object(Closure))
#42 C:\wamp\www\Projects\MDCMS\vendor\laravel\framework\src\Illuminate\Session\Middleware\StartSession.php(61): Illuminate\Pipeline\Pipeline->Illuminate\Pipeline\{closure}(Object(Illuminate\Http\Request))
#43 C:\wamp\www\Projects\MDCMS\vendor\laravel\framework\src\Illuminate\Pipeline\Pipeline.php(125): Illuminate\Session\Middleware\StartSession->handle(Object(Illuminate\Http\Request), Object(Closure))
#44 C:\wamp\www\Projects\MDCMS\vendor\laravel\framework\src\Illuminate\Cookie\Middleware\AddQueuedCookiesToResponse.php(36): Illuminate\Pipeline\Pipeline->Illuminate\Pipeline\{closure}(Object(Illuminate\Http\Request))
#45 C:\wamp\www\Projects\MDCMS\vendor\laravel\framework\src\Illuminate\Pipeline\Pipeline.php(125): Illuminate\Cookie\Middleware\AddQueuedCookiesToResponse->handle(Object(Illuminate\Http\Request), Object(Closure))
#46 C:\wamp\www\Projects\MDCMS\vendor\laravel\framework\src\Illuminate\Cookie\Middleware\EncryptCookies.php(40): Illuminate\Pipeline\Pipeline->Illuminate\Pipeline\{closure}(Object(Illuminate\Http\Request))
#47 C:\wamp\www\Projects\MDCMS\vendor\laravel\framework\src\Illuminate\Pipeline\Pipeline.php(125): Illuminate\Cookie\Middleware\EncryptCookies->handle(Object(Illuminate\Http\Request), Object(Closure))
#48 C:\wamp\www\Projects\MDCMS\vendor\laravel\framework\src\Illuminate\Foundation\Http\Middleware\CheckForMaintenanceMode.php(42): Illuminate\Pipeline\Pipeline->Illuminate\Pipeline\{closure}(Object(Illuminate\Http\Request))
#49 C:\wamp\www\Projects\MDCMS\vendor\laravel\framework\src\Illuminate\Pipeline\Pipeline.php(125): Illuminate\Foundation\Http\Middleware\CheckForMaintenanceMode->handle(Object(Illuminate\Http\Request), Object(Closure))
#50 [internal function]: Illuminate\Pipeline\Pipeline->Illuminate\Pipeline\{closure}(Object(Illuminate\Http\Request))
#51 C:\wamp\www\Projects\MDCMS\vendor\laravel\framework\src\Illuminate\Pipeline\Pipeline.php(101): call_user_func(Object(Closure), Object(Illuminate\Http\Request))
#52 C:\wamp\www\Projects\MDCMS\vendor\laravel\framework\src\Illuminate\Foundation\Http\Kernel.php(115): Illuminate\Pipeline\Pipeline->then(Object(Closure))
#53 C:\wamp\www\Projects\MDCMS\vendor\laravel\framework\src\Illuminate\Foundation\Http\Kernel.php(84): Illuminate\Foundation\Http\Kernel->sendRequestThroughRouter(Object(Illuminate\Http\Request))
#54 C:\wamp\www\Projects\MDCMS\public\index.php(54): Illuminate\Foundation\Http\Kernel->handle(Object(Illuminate\Http\Request))
#55 C:\wamp\www\Projects\MDCMS\server.php(21): require_once('C:\\wamp\\www\\Pro...')
#56 {main}  
