[2015-09-04 11:01:31] local.ERROR: exception 'InvalidArgumentException' with message 'Command "migrate:make" is not defined.

Did you mean one of these?
    migrate:reset
    migrate:refresh
    migrate:status
    migrate:rollback
    migrate:install
    migrate' in C:\wamp\www\Projects\MDCMS\vendor\symfony\console\Symfony\Component\Console\Application.php:549
Stack trace:
#0 C:\wamp\www\Projects\MDCMS\vendor\symfony\console\Symfony\Component\Console\Application.php(192): Symfony\Component\Console\Application->find('migrate:make')
#1 C:\wamp\www\Projects\MDCMS\vendor\symfony\console\Symfony\Component\Console\Application.php(126): Symfony\Component\Console\Application->doRun(Object(Symfony\Component\Console\Input\ArgvInput), Object(Symfony\Component\Console\Output\ConsoleOutput))
#2 C:\wamp\www\Projects\MDCMS\vendor\laravel\framework\src\Illuminate\Foundation\Console\Kernel.php(94): Symfony\Component\Console\Application->run(Object(Symfony\Component\Console\Input\ArgvInput), Object(Symfony\Component\Console\Output\ConsoleOutput))
#3 C:\wamp\www\Projects\MDCMS\artisan(36): Illuminate\Foundation\Console\Kernel->handle(Object(Symfony\Component\Console\Input\ArgvInput), Object(Symfony\Component\Console\Output\ConsoleOutput))
#4 {main}  
[2015-09-04 13:08:39] local.ERROR: exception 'RuntimeException' with message 'The "-m" option does not exist.' in C:\wamp\www\Projects\MDCMS\vendor\symfony\console\Symfony\Component\Console\Input\ArgvInput.php:196
Stack trace:
#0 C:\wamp\www\Projects\MDCMS\vendor\symfony\console\Symfony\Component\Console\Input\ArgvInput.php(112): Symfony\Component\Console\Input\ArgvInput->addShortOption('m', NULL)
#1 C:\wamp\www\Projects\MDCMS\vendor\symfony\console\Symfony\Component\Console\Input\ArgvInput.php(88): Symfony\Component\Console\Input\ArgvInput->parseShortOption('-m')
#2 C:\wamp\www\Projects\MDCMS\vendor\symfony\console\Symfony\Component\Console\Input\Input.php(61): Symfony\Component\Console\Input\ArgvInput->parse()
#3 C:\wamp\www\Projects\MDCMS\vendor\symfony\console\Symfony\Component\Console\Command\Command.php(229): Symfony\Component\Console\Input\Input->bind(Object(Symfony\Component\Console\Input\InputDefinition))
#4 C:\wamp\www\Projects\MDCMS\vendor\laravel\framework\src\Illuminate\Console\Command.php(101): Symfony\Component\Console\Command\Command->run(Object(Symfony\Component\Console\Input\ArgvInput), Object(Symfony\Component\Console\Output\ConsoleOutput))
#5 C:\wamp\www\Projects\MDCMS\vendor\symfony\console\Symfony\Component\Console\Application.php(874): Illuminate\Console\Command->run(Object(Symfony\Component\Console\Input\ArgvInput), Object(Symfony\Component\Console\Output\ConsoleOutput))
#6 C:\wamp\www\Projects\MDCMS\vendor\symfony\console\Symfony\Component\Console\Application.php(195): Symfony\Component\Console\Application->doRunCommand(Object(Illuminate\Foundation\Console\ModelMakeCommand), Object(Symfony\Component\Console\Input\ArgvInput), Object(Symfony\Component\Console\Output\ConsoleOutput))
#7 C:\wamp\www\Projects\MDCMS\vendor\symfony\console\Symfony\Component\Console\Application.php(126): Symfony\Component\Console\Application->doRun(Object(Symfony\Component\Console\Input\ArgvInput), Object(Symfony\Component\Console\Output\ConsoleOutput))
#8 C:\wamp\www\Projects\MDCMS\vendor\laravel\framework\src\Illuminate\Foundation\Console\Kernel.php(94): Symfony\Component\Console\Application->run(Object(Symfony\Component\Console\Input\ArgvInput), Object(Symfony\Component\Console\Output\ConsoleOutput))
#9 C:\wamp\www\Projects\MDCMS\artisan(36): Illuminate\Foundation\Console\Kernel->handle(Object(Symfony\Component\Console\Input\ArgvInput), Object(Symfony\Component\Console\Output\ConsoleOutput))
#10 {main}  
[2015-09-04 13:08:46] local.ERROR: exception 'RuntimeException' with message 'The "-m" option does not exist.' in C:\wamp\www\Projects\MDCMS\vendor\symfony\console\Symfony\Component\Console\Input\ArgvInput.php:128
Stack trace:
#0 C:\wamp\www\Projects\MDCMS\vendor\symfony\console\Symfony\Component\Console\Input\ArgvInput.php(109): Symfony\Component\Console\Input\ArgvInput->parseShortOptionSet('migration')
#1 C:\wamp\www\Projects\MDCMS\vendor\symfony\console\Symfony\Component\Console\Input\ArgvInput.php(88): Symfony\Component\Console\Input\ArgvInput->parseShortOption('-migration')
#2 C:\wamp\www\Projects\MDCMS\vendor\symfony\console\Symfony\Component\Console\Input\Input.php(61): Symfony\Component\Console\Input\ArgvInput->parse()
#3 C:\wamp\www\Projects\MDCMS\vendor\symfony\console\Symfony\Component\Console\Command\Command.php(229): Symfony\Component\Console\Input\Input->bind(Object(Symfony\Component\Console\Input\InputDefinition))
#4 C:\wamp\www\Projects\MDCMS\vendor\laravel\framework\src\Illuminate\Console\Command.php(101): Symfony\Component\Console\Command\Command->run(Object(Symfony\Component\Console\Input\ArgvInput), Object(Symfony\Component\Console\Output\ConsoleOutput))
#5 C:\wamp\www\Projects\MDCMS\vendor\symfony\console\Symfony\Component\Console\Application.php(874): Illuminate\Console\Command->run(Object(Symfony\Component\Console\Input\ArgvInput), Object(Symfony\Component\Console\Output\ConsoleOutput))
#6 C:\wamp\www\Projects\MDCMS\vendor\symfony\console\Symfony\Component\Console\Application.php(195): Symfony\Component\Console\Application->doRunCommand(Object(Illuminate\Foundation\Console\ModelMakeCommand), Object(Symfony\Component\Console\Input\ArgvInput), Object(Symfony\Component\Console\Output\ConsoleOutput))
#7 C:\wamp\www\Projects\MDCMS\vendor\symfony\console\Symfony\Component\Console\Application.php(126): Symfony\Component\Console\Application->doRun(Object(Symfony\Component\Console\Input\ArgvInput), Object(Symfony\Component\Console\Output\ConsoleOutput))
#8 C:\wamp\www\Projects\MDCMS\vendor\laravel\framework\src\Illuminate\Foundation\Console\Kernel.php(94): Symfony\Component\Console\Application->run(Object(Symfony\Component\Console\Input\ArgvInput), Object(Symfony\Component\Console\Output\ConsoleOutput))
#9 C:\wamp\www\Projects\MDCMS\artisan(36): Illuminate\Foundation\Console\Kernel->handle(Object(Symfony\Component\Console\Input\ArgvInput), Object(Symfony\Component\Console\Output\ConsoleOutput))
#10 {main}  
[2015-09-04 13:10:12] local.ERROR: exception 'PDOException' with message 'SQLSTATE[42S01]: Base table or view already exists: 1050 Table 'orders' already exists' in C:\wamp\www\Projects\MDCMS\vendor\laravel\framework\src\Illuminate\Database\Connection.php:362
Stack trace:
#0 C:\wamp\www\Projects\MDCMS\vendor\laravel\framework\src\Illuminate\Database\Connection.php(362): PDOStatement->execute(Array)
#1 C:\wamp\www\Projects\MDCMS\vendor\laravel\framework\src\Illuminate\Database\Connection.php(616): Illuminate\Database\Connection->Illuminate\Database\{closure}(Object(Illuminate\Database\MySqlConnection), 'create table `o...', Array)
#2 C:\wamp\www\Projects\MDCMS\vendor\laravel\framework\src\Illuminate\Database\Connection.php(580): Illuminate\Database\Connection->runQueryCallback('create table `o...', Array, Object(Closure))
#3 C:\wamp\www\Projects\MDCMS\vendor\laravel\framework\src\Illuminate\Database\Connection.php(363): Illuminate\Database\Connection->run('create table `o...', Array, Object(Closure))
#4 C:\wamp\www\Projects\MDCMS\vendor\laravel\framework\src\Illuminate\Database\Schema\Blueprint.php(63): Illuminate\Database\Connection->statement('create table `o...')
#5 C:\wamp\www\Projects\MDCMS\vendor\laravel\framework\src\Illuminate\Database\Schema\Builder.php(188): Illuminate\Database\Schema\Blueprint->build(Object(Illuminate\Database\MySqlConnection), Object(Illuminate\Database\Schema\Grammars\MySqlGrammar))
#6 C:\wamp\www\Projects\MDCMS\vendor\laravel\framework\src\Illuminate\Database\Schema\Builder.php(131): Illuminate\Database\Schema\Builder->build(Object(Illuminate\Database\Schema\Blueprint))
#7 C:\wamp\www\Projects\MDCMS\vendor\laravel\framework\src\Illuminate\Support\Facades\Facade.php(213): Illuminate\Database\Schema\Builder->create('orders', Object(Closure))
#8 C:\wamp\www\Projects\MDCMS\database\migrations\2015_09_04_130909_create_orders_table.php(31): Illuminate\Support\Facades\Facade::__callStatic('create', Array)
#9 C:\wamp\www\Projects\MDCMS\database\migrations\2015_09_04_130909_create_orders_table.php(31): Illuminate\Support\Facades\Schema::create('orders', Object(Closure))
#10 C:\wamp\www\Projects\MDCMS\vendor\laravel\framework\src\Illuminate\Database\Migrations\Migrator.php(135): CreateOrdersTable->up()
#11 C:\wamp\www\Projects\MDCMS\vendor\laravel\framework\src\Illuminate\Database\Migrations\Migrator.php(111): Illuminate\Database\Migrations\Migrator->runUp('2015_09_04_1309...', 3, false)
#12 C:\wamp\www\Projects\MDCMS\vendor\laravel\framework\src\Illuminate\Database\Migrations\Migrator.php(82): Illuminate\Database\Migrations\Migrator->runMigrationList(Array, false)
#13 C:\wamp\www\Projects\MDCMS\vendor\laravel\framework\src\Illuminate\Database\Console\Migrations\MigrateCommand.php(73): Illuminate\Database\Migrations\Migrator->run('C:\\wamp\\www\\Pro...', false)
#14 [internal function]: Illuminate\Database\Console\Migrations\MigrateCommand->fire()
#15 C:\wamp\www\Projects\MDCMS\vendor\laravel\framework\src\Illuminate\Container\Container.php(526): call_user_func_array(Array, Array)
#16 C:\wamp\www\Projects\MDCMS\vendor\laravel\framework\src\Illuminate\Console\Command.php(115): Illuminate\Container\Container->call(Array)
#17 C:\wamp\www\Projects\MDCMS\vendor\symfony\console\Symfony\Component\Console\Command\Command.php(257): Illuminate\Console\Command->execute(Object(Symfony\Component\Console\Input\ArgvInput), Object(Symfony\Component\Console\Output\ConsoleOutput))
#18 C:\wamp\www\Projects\MDCMS\vendor\laravel\framework\src\Illuminate\Console\Command.php(101): Symfony\Component\Console\Command\Command->run(Object(Symfony\Component\Console\Input\ArgvInput), Object(Symfony\Component\Console\Output\ConsoleOutput))
#19 C:\wamp\www\Projects\MDCMS\vendor\symfony\console\Symfony\Component\Console\Application.php(874): Illuminate\Console\Command->run(Object(Symfony\Component\Console\Input\ArgvInput), Object(Symfony\Component\Console\Output\ConsoleOutput))
#20 C:\wamp\www\Projects\MDCMS\vendor\symfony\console\Symfony\Component\Console\Application.php(195): Symfony\Component\Console\Application->doRunCommand(Object(Illuminate\Database\Console\Migrations\MigrateCommand), Object(Symfony\Component\Console\Input\ArgvInput), Object(Symfony\Component\Console\Output\ConsoleOutput))
#21 C:\wamp\www\Projects\MDCMS\vendor\symfony\console\Symfony\Component\Console\Application.php(126): Symfony\Component\Console\Application->doRun(Object(Symfony\Component\Console\Input\ArgvInput), Object(Symfony\Component\Console\Output\ConsoleOutput))
#22 C:\wamp\www\Projects\MDCMS\vendor\laravel\framework\src\Illuminate\Foundation\Console\Kernel.php(94): Symfony\Component\Console\Application->run(Object(Symfony\Component\Console\Input\ArgvInput), Object(Symfony\Component\Console\Output\ConsoleOutput))
#23 C:\wamp\www\Projects\MDCMS\artisan(36): Illuminate\Foundation\Console\Kernel->handle(Object(Symfony\Component\Console\Input\ArgvInput), Object(Symfony\Component\Console\Output\ConsoleOutput))
#24 {main}

Next exception 'Illuminate\Database\QueryException' with message 'SQLSTATE[42S01]: Base table or view already exists: 1050 Table 'orders' already exists (SQL: create table `orders` (`order_id` int unsigned not null auto_increment primary key, `companyName` varchar(255) null, `contact` varchar(255) null, `telephone` varchar(255) null, `email` varchar(255) null, `designer` varchar(255) null, `status` varchar(255) null, `comment` varchar(255) null, `value` double(8, 2) null, `profit` double(8, 2) null, `soldDate` date null, `firstDraftDate` date null, `redraftDate` date null, `created_at` timestamp default 0 not null, `updated_at` timestamp default 0 not null) default character set utf8 collate utf8_unicode_ci)' in C:\wamp\www\Projects\MDCMS\vendor\laravel\framework\src\Illuminate\Database\Connection.php:624
Stack trace:
#0 C:\wamp\www\Projects\MDCMS\vendor\laravel\framework\src\Illuminate\Database\Connection.php(580): Illuminate\Database\Connection->runQueryCallback('create table `o...', Array, Object(Closure))
#1 C:\wamp\www\Projects\MDCMS\vendor\laravel\framework\src\Illuminate\Database\Connection.php(363): Illuminate\Database\Connection->run('create table `o...', Array, Object(Closure))
#2 C:\wamp\www\Projects\MDCMS\vendor\laravel\framework\src\Illuminate\Database\Schema\Blueprint.php(63): Illuminate\Database\Connection->statement('create table `o...')
#3 C:\wamp\www\Projects\MDCMS\vendor\laravel\framework\src\Illuminate\Database\Schema\Builder.php(188): Illuminate\Database\Schema\Blueprint->build(Object(Illuminate\Database\MySqlConnection), Object(Illuminate\Database\Schema\Grammars\MySqlGrammar))
#4 C:\wamp\www\Projects\MDCMS\vendor\laravel\framework\src\Illuminate\Database\Schema\Builder.php(131): Illuminate\Database\Schema\Builder->build(Object(Illuminate\Database\Schema\Blueprint))
#5 C:\wamp\www\Projects\MDCMS\vendor\laravel\framework\src\Illuminate\Support\Facades\Facade.php(213): Illuminate\Database\Schema\Builder->create('orders', Object(Closure))
#6 C:\wamp\www\Projects\MDCMS\database\migrations\2015_09_04_130909_create_orders_table.php(31): Illuminate\Support\Facades\Facade::__callStatic('create', Array)
#7 C:\wamp\www\Projects\MDCMS\database\migrations\2015_09_04_130909_create_orders_table.php(31): Illuminate\Support\Facades\Schema::create('orders', Object(Closure))
#8 C:\wamp\www\Projects\MDCMS\vendor\laravel\framework\src\Illuminate\Database\Migrations\Migrator.php(135): CreateOrdersTable->up()
#9 C:\wamp\www\Projects\MDCMS\vendor\laravel\framework\src\Illuminate\Database\Migrations\Migrator.php(111): Illuminate\Database\Migrations\Migrator->runUp('2015_09_04_1309...', 3, false)
#10 C:\wamp\www\Projects\MDCMS\vendor\laravel\framework\src\Illuminate\Database\Migrations\Migrator.php(82): Illuminate\Database\Migrations\Migrator->runMigrationList(Array, false)
#11 C:\wamp\www\Projects\MDCMS\vendor\laravel\framework\src\Illuminate\Database\Console\Migrations\MigrateCommand.php(73): Illuminate\Database\Migrations\Migrator->run('C:\\wamp\\www\\Pro...', false)
#12 [internal function]: Illuminate\Database\Console\Migrations\MigrateCommand->fire()
#13 C:\wamp\www\Projects\MDCMS\vendor\laravel\framework\src\Illuminate\Container\Container.php(526): call_user_func_array(Array, Array)
#14 C:\wamp\www\Projects\MDCMS\vendor\laravel\framework\src\Illuminate\Console\Command.php(115): Illuminate\Container\Container->call(Array)
#15 C:\wamp\www\Projects\MDCMS\vendor\symfony\console\Symfony\Component\Console\Command\Command.php(257): Illuminate\Console\Command->execute(Object(Symfony\Component\Console\Input\ArgvInput), Object(Symfony\Component\Console\Output\ConsoleOutput))
#16 C:\wamp\www\Projects\MDCMS\vendor\laravel\framework\src\Illuminate\Console\Command.php(101): Symfony\Component\Console\Command\Command->run(Object(Symfony\Component\Console\Input\ArgvInput), Object(Symfony\Component\Console\Output\ConsoleOutput))
#17 C:\wamp\www\Projects\MDCMS\vendor\symfony\console\Symfony\Component\Console\Application.php(874): Illuminate\Console\Command->run(Object(Symfony\Component\Console\Input\ArgvInput), Object(Symfony\Component\Console\Output\ConsoleOutput))
#18 C:\wamp\www\Projects\MDCMS\vendor\symfony\console\Symfony\Component\Console\Application.php(195): Symfony\Component\Console\Application->doRunCommand(Object(Illuminate\Database\Console\Migrations\MigrateCommand), Object(Symfony\Component\Console\Input\ArgvInput), Object(Symfony\Component\Console\Output\ConsoleOutput))
#19 C:\wamp\www\Projects\MDCMS\vendor\symfony\console\Symfony\Component\Console\Application.php(126): Symfony\Component\Console\Application->doRun(Object(Symfony\Component\Console\Input\ArgvInput), Object(Symfony\Component\Console\Output\ConsoleOutput))
#20 C:\wamp\www\Projects\MDCMS\vendor\laravel\framework\src\Illuminate\Foundation\Console\Kernel.php(94): Symfony\Component\Console\Application->run(Object(Symfony\Component\Console\Input\ArgvInput), Object(Symfony\Component\Console\Output\ConsoleOutput))
#21 C:\wamp\www\Projects\MDCMS\artisan(36): Illuminate\Foundation\Console\Kernel->handle(Object(Symfony\Component\Console\Input\ArgvInput), Object(Symfony\Component\Console\Output\ConsoleOutput))
#22 {main}  
[2015-09-04 13:39:06] local.ERROR: exception 'Symfony\Component\Debug\Exception\FatalErrorException' with message 'Class 'App\Http\Controllers\User' not found' in C:\wamp\www\Projects\MDCMS\app\Http\Controllers\OrdersController.php:28
Stack trace:
#0 C:\wamp\www\Projects\MDCMS\vendor\laravel\framework\src\Illuminate\Foundation\Bootstrap\HandleExceptions.php(131): Symfony\Component\Debug\Exception\FatalErrorException->__construct()
#1 C:\wamp\www\Projects\MDCMS\vendor\laravel\framework\src\Illuminate\Foundation\Bootstrap\HandleExceptions.php(116): Illuminate\Foundation\Bootstrap\HandleExceptions->fatalExceptionFromError()
#2 C:\wamp\www\Projects\MDCMS\vendor\laravel\framework\src\Illuminate\Foundation\Bootstrap\HandleExceptions.php(0): Illuminate\Foundation\Bootstrap\HandleExceptions->handleShutdown()
#3 C:\wamp\www\Projects\MDCMS\vendor\laravel\framework\src\Illuminate\Routing\Controller.php(246): App\Http\Controllers\OrdersController->create()
#4 C:\wamp\www\Projects\MDCMS\vendor\laravel\framework\src\Illuminate\Routing\Controller.php(246): call_user_func_array:{C:\wamp\www\Projects\MDCMS\vendor\laravel\framework\src\Illuminate\Routing\Controller.php:246}()
#5 C:\wamp\www\Projects\MDCMS\vendor\laravel\framework\src\Illuminate\Routing\ControllerDispatcher.php(162): Illuminate\Routing\Controller->callAction()
#6 C:\wamp\www\Projects\MDCMS\vendor\laravel\framework\src\Illuminate\Routing\ControllerDispatcher.php(107): Illuminate\Routing\ControllerDispatcher->call()
#7 C:\wamp\www\Projects\MDCMS\vendor\laravel\framework\src\Illuminate\Pipeline\Pipeline.php(141): Illuminate\Routing\ControllerDispatcher->Illuminate\Routing\{closure}()
#8 C:\wamp\www\Projects\MDCMS\vendor\laravel\framework\src\Illuminate\Pipeline\Pipeline.php(141): call_user_func:{C:\wamp\www\Projects\MDCMS\vendor\laravel\framework\src\Illuminate\Pipeline\Pipeline.php:141}()
#9 C:\wamp\www\Projects\MDCMS\vendor\laravel\framework\src\Illuminate\Pipeline\Pipeline.php(101): Illuminate\Pipeline\Pipeline->Illuminate\Pipeline\{closure}()
#10 C:\wamp\www\Projects\MDCMS\vendor\laravel\framework\src\Illuminate\Pipeline\Pipeline.php(101): call_user_func:{C:\wamp\www\Projects\MDCMS\vendor\laravel\framework\src\Illuminate\Pipeline\Pipeline.php:101}()
#11 C:\wamp\www\Projects\MDCMS\vendor\laravel\framework\src\Illuminate\Routing\ControllerDispatcher.php(108): Illuminate\Pipeline\Pipeline->then()
#12 C:\wamp\www\Projects\MDCMS\vendor\laravel\framework\src\Illuminate\Routing\ControllerDispatcher.php(67): Illuminate\Routing\ControllerDispatcher->callWithinStack()
#13 C:\wamp\www\Projects\MDCMS\vendor\laravel\framework\src\Illuminate\Routing\Route.php(204): Illuminate\Routing\ControllerDispatcher->dispatch()
#14 C:\wamp\www\Projects\MDCMS\vendor\laravel\framework\src\Illuminate\Routing\Route.php(134): Illuminate\Routing\Route->runWithCustomDispatcher()
#15 C:\wamp\www\Projects\MDCMS\vendor\laravel\framework\src\Illuminate\Routing\Router.php(701): Illuminate\Routing\Route->run()
#16 C:\wamp\www\Projects\MDCMS\vendor\laravel\framework\src\Illuminate\Pipeline\Pipeline.php(141): Illuminate\Routing\Router->Illuminate\Routing\{closure}()
#17 C:\wamp\www\Projects\MDCMS\vendor\laravel\framework\src\Illuminate\Pipeline\Pipeline.php(141): call_user_func:{C:\wamp\www\Projects\MDCMS\vendor\laravel\framework\src\Illuminate\Pipeline\Pipeline.php:141}()
#18 C:\wamp\www\Projects\MDCMS\app\Http\Middleware\Authenticate.php(49): Illuminate\Pipeline\Pipeline->Illuminate\Pipeline\{closure}()
#19 C:\wamp\www\Projects\MDCMS\vendor\laravel\framework\src\Illuminate\Pipeline\Pipeline.php(125): App\Http\Middleware\Authenticate->handle()
#20 C:\wamp\www\Projects\MDCMS\vendor\laravel\framework\src\Illuminate\Pipeline\Pipeline.php(101): Illuminate\Pipeline\Pipeline->Illuminate\Pipeline\{closure}()
#21 C:\wamp\www\Projects\MDCMS\vendor\laravel\framework\src\Illuminate\Pipeline\Pipeline.php(101): call_user_func:{C:\wamp\www\Projects\MDCMS\vendor\laravel\framework\src\Illuminate\Pipeline\Pipeline.php:101}()
#22 C:\wamp\www\Projects\MDCMS\vendor\laravel\framework\src\Illuminate\Routing\Router.php(703): Illuminate\Pipeline\Pipeline->then()
#23 C:\wamp\www\Projects\MDCMS\vendor\laravel\framework\src\Illuminate\Routing\Router.php(670): Illuminate\Routing\Router->runRouteWithinStack()
#24 C:\wamp\www\Projects\MDCMS\vendor\laravel\framework\src\Illuminate\Routing\Router.php(628): Illuminate\Routing\Router->dispatchToRoute()
#25 C:\wamp\www\Projects\MDCMS\vendor\laravel\framework\src\Illuminate\Foundation\Http\Kernel.php(214): Illuminate\Routing\Router->dispatch()
#26 C:\wamp\www\Projects\MDCMS\vendor\laravel\framework\src\Illuminate\Pipeline\Pipeline.php(141): Illuminate\Foundation\Http\Kernel->Illuminate\Foundation\Http\{closure}()
#27 C:\wamp\www\Projects\MDCMS\vendor\laravel\framework\src\Illuminate\Pipeline\Pipeline.php(141): call_user_func:{C:\wamp\www\Projects\MDCMS\vendor\laravel\framework\src\Illuminate\Pipeline\Pipeline.php:141}()
#28 C:\wamp\www\Projects\MDCMS\vendor\laravel\framework\src\Illuminate\Foundation\Http\Middleware\VerifyCsrfToken.php(43): Illuminate\Pipeline\Pipeline->Illuminate\Pipeline\{closure}()
#29 C:\wamp\www\Projects\MDCMS\app\Http\Middleware\VerifyCsrfToken.php(17): Illuminate\Foundation\Http\Middleware\VerifyCsrfToken->handle()
#30 C:\wamp\www\Projects\MDCMS\vendor\laravel\framework\src\Illuminate\Pipeline\Pipeline.php(125): App\Http\Middleware\VerifyCsrfToken->handle()
#31 C:\wamp\www\Projects\MDCMS\vendor\laravel\framework\src\Illuminate\View\Middleware\ShareErrorsFromSession.php(55): Illuminate\Pipeline\Pipeline->Illuminate\Pipeline\{closure}()
#32 C:\wamp\www\Projects\MDCMS\vendor\laravel\framework\src\Illuminate\Pipeline\Pipeline.php(125): Illuminate\View\Middleware\ShareErrorsFromSession->handle()
#33 C:\wamp\www\Projects\MDCMS\vendor\laravel\framework\src\Illuminate\Session\Middleware\StartSession.php(61): Illuminate\Pipeline\Pipeline->Illuminate\Pipeline\{closure}()
#34 C:\wamp\www\Projects\MDCMS\vendor\laravel\framework\src\Illuminate\Pipeline\Pipeline.php(125): Illuminate\Session\Middleware\StartSession->handle()
#35 C:\wamp\www\Projects\MDCMS\vendor\laravel\framework\src\Illuminate\Cookie\Middleware\AddQueuedCookiesToResponse.php(36): Illuminate\Pipeline\Pipeline->Illuminate\Pipeline\{closure}()
#36 C:\wamp\www\Projects\MDCMS\vendor\laravel\framework\src\Illuminate\Pipeline\Pipeline.php(125): Illuminate\Cookie\Middleware\AddQueuedCookiesToResponse->handle()
#37 C:\wamp\www\Projects\MDCMS\vendor\laravel\framework\src\Illuminate\Cookie\Middleware\EncryptCookies.php(40): Illuminate\Pipeline\Pipeline->Illuminate\Pipeline\{closure}()
#38 C:\wamp\www\Projects\MDCMS\vendor\laravel\framework\src\Illuminate\Pipeline\Pipeline.php(125): Illuminate\Cookie\Middleware\EncryptCookies->handle()
#39 C:\wamp\www\Projects\MDCMS\vendor\laravel\framework\src\Illuminate\Foundation\Http\Middleware\CheckForMaintenanceMode.php(42): Illuminate\Pipeline\Pipeline->Illuminate\Pipeline\{closure}()
#40 C:\wamp\www\Projects\MDCMS\vendor\laravel\framework\src\Illuminate\Pipeline\Pipeline.php(125): Illuminate\Foundation\Http\Middleware\CheckForMaintenanceMode->handle()
#41 C:\wamp\www\Projects\MDCMS\vendor\laravel\framework\src\Illuminate\Pipeline\Pipeline.php(101): Illuminate\Pipeline\Pipeline->Illuminate\Pipeline\{closure}()
#42 C:\wamp\www\Projects\MDCMS\vendor\laravel\framework\src\Illuminate\Pipeline\Pipeline.php(101): call_user_func:{C:\wamp\www\Projects\MDCMS\vendor\laravel\framework\src\Illuminate\Pipeline\Pipeline.php:101}()
#43 C:\wamp\www\Projects\MDCMS\vendor\laravel\framework\src\Illuminate\Foundation\Http\Kernel.php(115): Illuminate\Pipeline\Pipeline->then()
#44 C:\wamp\www\Projects\MDCMS\vendor\laravel\framework\src\Illuminate\Foundation\Http\Kernel.php(84): Illuminate\Foundation\Http\Kernel->sendRequestThroughRouter()
#45 C:\wamp\www\Projects\MDCMS\public\index.php(54): Illuminate\Foundation\Http\Kernel->handle()
#46 C:\wamp\www\Projects\MDCMS\server.php(21): ()
#47 C:\wamp\www\Projects\MDCMS\server.php(0): {main}()
#48 {main}  
[2015-09-04 13:39:46] local.ERROR: exception 'Symfony\Component\Debug\Exception\FatalErrorException' with message 'Class 'App\Http\Controllers\User' not found' in C:\wamp\www\Projects\MDCMS\app\Http\Controllers\OrdersController.php:28
Stack trace:
#0 C:\wamp\www\Projects\MDCMS\vendor\laravel\framework\src\Illuminate\Foundation\Bootstrap\HandleExceptions.php(131): Symfony\Component\Debug\Exception\FatalErrorException->__construct()
#1 C:\wamp\www\Projects\MDCMS\vendor\laravel\framework\src\Illuminate\Foundation\Bootstrap\HandleExceptions.php(116): Illuminate\Foundation\Bootstrap\HandleExceptions->fatalExceptionFromError()
#2 C:\wamp\www\Projects\MDCMS\vendor\laravel\framework\src\Illuminate\Foundation\Bootstrap\HandleExceptions.php(0): Illuminate\Foundation\Bootstrap\HandleExceptions->handleShutdown()
#3 C:\wamp\www\Projects\MDCMS\vendor\laravel\framework\src\Illuminate\Routing\Controller.php(246): App\Http\Controllers\OrdersController->create()
#4 C:\wamp\www\Projects\MDCMS\vendor\laravel\framework\src\Illuminate\Routing\Controller.php(246): call_user_func_array:{C:\wamp\www\Projects\MDCMS\vendor\laravel\framework\src\Illuminate\Routing\Controller.php:246}()
#5 C:\wamp\www\Projects\MDCMS\vendor\laravel\framework\src\Illuminate\Routing\ControllerDispatcher.php(162): Illuminate\Routing\Controller->callAction()
#6 C:\wamp\www\Projects\MDCMS\vendor\laravel\framework\src\Illuminate\Routing\ControllerDispatcher.php(107): Illuminate\Routing\ControllerDispatcher->call()
#7 C:\wamp\www\Projects\MDCMS\vendor\laravel\framework\src\Illuminate\Pipeline\Pipeline.php(141): Illuminate\Routing\ControllerDispatcher->Illuminate\Routing\{closure}()
#8 C:\wamp\www\Projects\MDCMS\vendor\laravel\framework\src\Illuminate\Pipeline\Pipeline.php(141): call_user_func:{C:\wamp\www\Projects\MDCMS\vendor\laravel\framework\src\Illuminate\Pipeline\Pipeline.php:141}()
#9 C:\wamp\www\Projects\MDCMS\vendor\laravel\framework\src\Illuminate\Pipeline\Pipeline.php(101): Illuminate\Pipeline\Pipeline->Illuminate\Pipeline\{closure}()
#10 C:\wamp\www\Projects\MDCMS\vendor\laravel\framework\src\Illuminate\Pipeline\Pipeline.php(101): call_user_func:{C:\wamp\www\Projects\MDCMS\vendor\laravel\framework\src\Illuminate\Pipeline\Pipeline.php:101}()
#11 C:\wamp\www\Projects\MDCMS\vendor\laravel\framework\src\Illuminate\Routing\ControllerDispatcher.php(108): Illuminate\Pipeline\Pipeline->then()
#12 C:\wamp\www\Projects\MDCMS\vendor\laravel\framework\src\Illuminate\Routing\ControllerDispatcher.php(67): Illuminate\Routing\ControllerDispatcher->callWithinStack()
#13 C:\wamp\www\Projects\MDCMS\vendor\laravel\framework\src\Illuminate\Routing\Route.php(204): Illuminate\Routing\ControllerDispatcher->dispatch()
#14 C:\wamp\www\Projects\MDCMS\vendor\laravel\framework\src\Illuminate\Routing\Route.php(134): Illuminate\Routing\Route->runWithCustomDispatcher()
#15 C:\wamp\www\Projects\MDCMS\vendor\laravel\framework\src\Illuminate\Routing\Router.php(701): Illuminate\Routing\Route->run()
#16 C:\wamp\www\Projects\MDCMS\vendor\laravel\framework\src\Illuminate\Pipeline\Pipeline.php(141): Illuminate\Routing\Router->Illuminate\Routing\{closure}()
#17 C:\wamp\www\Projects\MDCMS\vendor\laravel\framework\src\Illuminate\Pipeline\Pipeline.php(141): call_user_func:{C:\wamp\www\Projects\MDCMS\vendor\laravel\framework\src\Illuminate\Pipeline\Pipeline.php:141}()
#18 C:\wamp\www\Projects\MDCMS\app\Http\Middleware\Authenticate.php(49): Illuminate\Pipeline\Pipeline->Illuminate\Pipeline\{closure}()
#19 C:\wamp\www\Projects\MDCMS\vendor\laravel\framework\src\Illuminate\Pipeline\Pipeline.php(125): App\Http\Middleware\Authenticate->handle()
#20 C:\wamp\www\Projects\MDCMS\vendor\laravel\framework\src\Illuminate\Pipeline\Pipeline.php(101): Illuminate\Pipeline\Pipeline->Illuminate\Pipeline\{closure}()
#21 C:\wamp\www\Projects\MDCMS\vendor\laravel\framework\src\Illuminate\Pipeline\Pipeline.php(101): call_user_func:{C:\wamp\www\Projects\MDCMS\vendor\laravel\framework\src\Illuminate\Pipeline\Pipeline.php:101}()
#22 C:\wamp\www\Projects\MDCMS\vendor\laravel\framework\src\Illuminate\Routing\Router.php(703): Illuminate\Pipeline\Pipeline->then()
#23 C:\wamp\www\Projects\MDCMS\vendor\laravel\framework\src\Illuminate\Routing\Router.php(670): Illuminate\Routing\Router->runRouteWithinStack()
#24 C:\wamp\www\Projects\MDCMS\vendor\laravel\framework\src\Illuminate\Routing\Router.php(628): Illuminate\Routing\Router->dispatchToRoute()
#25 C:\wamp\www\Projects\MDCMS\vendor\laravel\framework\src\Illuminate\Foundation\Http\Kernel.php(214): Illuminate\Routing\Router->dispatch()
#26 C:\wamp\www\Projects\MDCMS\vendor\laravel\framework\src\Illuminate\Pipeline\Pipeline.php(141): Illuminate\Foundation\Http\Kernel->Illuminate\Foundation\Http\{closure}()
#27 C:\wamp\www\Projects\MDCMS\vendor\laravel\framework\src\Illuminate\Pipeline\Pipeline.php(141): call_user_func:{C:\wamp\www\Projects\MDCMS\vendor\laravel\framework\src\Illuminate\Pipeline\Pipeline.php:141}()
#28 C:\wamp\www\Projects\MDCMS\vendor\laravel\framework\src\Illuminate\Foundation\Http\Middleware\VerifyCsrfToken.php(43): Illuminate\Pipeline\Pipeline->Illuminate\Pipeline\{closure}()
#29 C:\wamp\www\Projects\MDCMS\app\Http\Middleware\VerifyCsrfToken.php(17): Illuminate\Foundation\Http\Middleware\VerifyCsrfToken->handle()
#30 C:\wamp\www\Projects\MDCMS\vendor\laravel\framework\src\Illuminate\Pipeline\Pipeline.php(125): App\Http\Middleware\VerifyCsrfToken->handle()
#31 C:\wamp\www\Projects\MDCMS\vendor\laravel\framework\src\Illuminate\View\Middleware\ShareErrorsFromSession.php(55): Illuminate\Pipeline\Pipeline->Illuminate\Pipeline\{closure}()
#32 C:\wamp\www\Projects\MDCMS\vendor\laravel\framework\src\Illuminate\Pipeline\Pipeline.php(125): Illuminate\View\Middleware\ShareErrorsFromSession->handle()
#33 C:\wamp\www\Projects\MDCMS\vendor\laravel\framework\src\Illuminate\Session\Middleware\StartSession.php(61): Illuminate\Pipeline\Pipeline->Illuminate\Pipeline\{closure}()
#34 C:\wamp\www\Projects\MDCMS\vendor\laravel\framework\src\Illuminate\Pipeline\Pipeline.php(125): Illuminate\Session\Middleware\StartSession->handle()
#35 C:\wamp\www\Projects\MDCMS\vendor\laravel\framework\src\Illuminate\Cookie\Middleware\AddQueuedCookiesToResponse.php(36): Illuminate\Pipeline\Pipeline->Illuminate\Pipeline\{closure}()
#36 C:\wamp\www\Projects\MDCMS\vendor\laravel\framework\src\Illuminate\Pipeline\Pipeline.php(125): Illuminate\Cookie\Middleware\AddQueuedCookiesToResponse->handle()
#37 C:\wamp\www\Projects\MDCMS\vendor\laravel\framework\src\Illuminate\Cookie\Middleware\EncryptCookies.php(40): Illuminate\Pipeline\Pipeline->Illuminate\Pipeline\{closure}()
#38 C:\wamp\www\Projects\MDCMS\vendor\laravel\framework\src\Illuminate\Pipeline\Pipeline.php(125): Illuminate\Cookie\Middleware\EncryptCookies->handle()
#39 C:\wamp\www\Projects\MDCMS\vendor\laravel\framework\src\Illuminate\Foundation\Http\Middleware\CheckForMaintenanceMode.php(42): Illuminate\Pipeline\Pipeline->Illuminate\Pipeline\{closure}()
#40 C:\wamp\www\Projects\MDCMS\vendor\laravel\framework\src\Illuminate\Pipeline\Pipeline.php(125): Illuminate\Foundation\Http\Middleware\CheckForMaintenanceMode->handle()
#41 C:\wamp\www\Projects\MDCMS\vendor\laravel\framework\src\Illuminate\Pipeline\Pipeline.php(101): Illuminate\Pipeline\Pipeline->Illuminate\Pipeline\{closure}()
#42 C:\wamp\www\Projects\MDCMS\vendor\laravel\framework\src\Illuminate\Pipeline\Pipeline.php(101): call_user_func:{C:\wamp\www\Projects\MDCMS\vendor\laravel\framework\src\Illuminate\Pipeline\Pipeline.php:101}()
#43 C:\wamp\www\Projects\MDCMS\vendor\laravel\framework\src\Illuminate\Foundation\Http\Kernel.php(115): Illuminate\Pipeline\Pipeline->then()
#44 C:\wamp\www\Projects\MDCMS\vendor\laravel\framework\src\Illuminate\Foundation\Http\Kernel.php(84): Illuminate\Foundation\Http\Kernel->sendRequestThroughRouter()
#45 C:\wamp\www\Projects\MDCMS\public\index.php(54): Illuminate\Foundation\Http\Kernel->handle()
#46 C:\wamp\www\Projects\MDCMS\server.php(21): ()
#47 C:\wamp\www\Projects\MDCMS\server.php(0): {main}()
#48 {main}  
[2015-09-04 13:42:54] local.ERROR: exception 'BadMethodCallException' with message 'Method [createToken] does not exist.' in C:\wamp\www\Projects\MDCMS\vendor\laravel\framework\src\Illuminate\Routing\Controller.php:273
Stack trace:
#0 C:\wamp\www\Projects\MDCMS\app\Http\Controllers\OrdersController.php(42): Illuminate\Routing\Controller->__call('createToken', Array)
#1 C:\wamp\www\Projects\MDCMS\app\Http\Controllers\OrdersController.php(42): App\Http\Controllers\OrdersController->createToken(Object(App\User))
#2 [internal function]: App\Http\Controllers\OrdersController->create(Object(Illuminate\Http\Request))
#3 C:\wamp\www\Projects\MDCMS\vendor\laravel\framework\src\Illuminate\Routing\Controller.php(246): call_user_func_array(Array, Array)
#4 C:\wamp\www\Projects\MDCMS\vendor\laravel\framework\src\Illuminate\Routing\ControllerDispatcher.php(162): Illuminate\Routing\Controller->callAction('create', Array)
#5 C:\wamp\www\Projects\MDCMS\vendor\laravel\framework\src\Illuminate\Routing\ControllerDispatcher.php(107): Illuminate\Routing\ControllerDispatcher->call(Object(App\Http\Controllers\OrdersController), Object(Illuminate\Routing\Route), 'create')
#6 [internal function]: Illuminate\Routing\ControllerDispatcher->Illuminate\Routing\{closure}(Object(Illuminate\Http\Request))
#7 C:\wamp\www\Projects\MDCMS\vendor\laravel\framework\src\Illuminate\Pipeline\Pipeline.php(141): call_user_func(Object(Closure), Object(Illuminate\Http\Request))
#8 [internal function]: Illuminate\Pipeline\Pipeline->Illuminate\Pipeline\{closure}(Object(Illuminate\Http\Request))
#9 C:\wamp\www\Projects\MDCMS\vendor\laravel\framework\src\Illuminate\Pipeline\Pipeline.php(101): call_user_func(Object(Closure), Object(Illuminate\Http\Request))
#10 C:\wamp\www\Projects\MDCMS\vendor\laravel\framework\src\Illuminate\Routing\ControllerDispatcher.php(108): Illuminate\Pipeline\Pipeline->then(Object(Closure))
#11 C:\wamp\www\Projects\MDCMS\vendor\laravel\framework\src\Illuminate\Routing\ControllerDispatcher.php(67): Illuminate\Routing\ControllerDispatcher->callWithinStack(Object(App\Http\Controllers\OrdersController), Object(Illuminate\Routing\Route), Object(Illuminate\Http\Request), 'create')
#12 C:\wamp\www\Projects\MDCMS\vendor\laravel\framework\src\Illuminate\Routing\Route.php(204): Illuminate\Routing\ControllerDispatcher->dispatch(Object(Illuminate\Routing\Route), Object(Illuminate\Http\Request), 'App\\Http\\Contro...', 'create')
#13 C:\wamp\www\Projects\MDCMS\vendor\laravel\framework\src\Illuminate\Routing\Route.php(134): Illuminate\Routing\Route->runWithCustomDispatcher(Object(Illuminate\Http\Request))
#14 C:\wamp\www\Projects\MDCMS\vendor\laravel\framework\src\Illuminate\Routing\Router.php(701): Illuminate\Routing\Route->run(Object(Illuminate\Http\Request))
#15 [internal function]: Illuminate\Routing\Router->Illuminate\Routing\{closure}(Object(Illuminate\Http\Request))
#16 C:\wamp\www\Projects\MDCMS\vendor\laravel\framework\src\Illuminate\Pipeline\Pipeline.php(141): call_user_func(Object(Closure), Object(Illuminate\Http\Request))
#17 C:\wamp\www\Projects\MDCMS\app\Http\Middleware\Authenticate.php(49): Illuminate\Pipeline\Pipeline->Illuminate\Pipeline\{closure}(Object(Illuminate\Http\Request))
#18 C:\wamp\www\Projects\MDCMS\vendor\laravel\framework\src\Illuminate\Pipeline\Pipeline.php(125): App\Http\Middleware\Authenticate->handle(Object(Illuminate\Http\Request), Object(Closure))
#19 [internal function]: Illuminate\Pipeline\Pipeline->Illuminate\Pipeline\{closure}(Object(Illuminate\Http\Request))
#20 C:\wamp\www\Projects\MDCMS\vendor\laravel\framework\src\Illuminate\Pipeline\Pipeline.php(101): call_user_func(Object(Closure), Object(Illuminate\Http\Request))
#21 C:\wamp\www\Projects\MDCMS\vendor\laravel\framework\src\Illuminate\Routing\Router.php(703): Illuminate\Pipeline\Pipeline->then(Object(Closure))
#22 C:\wamp\www\Projects\MDCMS\vendor\laravel\framework\src\Illuminate\Routing\Router.php(670): Illuminate\Routing\Router->runRouteWithinStack(Object(Illuminate\Routing\Route), Object(Illuminate\Http\Request))
#23 C:\wamp\www\Projects\MDCMS\vendor\laravel\framework\src\Illuminate\Routing\Router.php(628): Illuminate\Routing\Router->dispatchToRoute(Object(Illuminate\Http\Request))
#24 C:\wamp\www\Projects\MDCMS\vendor\laravel\framework\src\Illuminate\Foundation\Http\Kernel.php(214): Illuminate\Routing\Router->dispatch(Object(Illuminate\Http\Request))
#25 [internal function]: Illuminate\Foundation\Http\Kernel->Illuminate\Foundation\Http\{closure}(Object(Illuminate\Http\Request))
#26 C:\wamp\www\Projects\MDCMS\vendor\laravel\framework\src\Illuminate\Pipeline\Pipeline.php(141): call_user_func(Object(Closure), Object(Illuminate\Http\Request))
#27 C:\wamp\www\Projects\MDCMS\vendor\laravel\framework\src\Illuminate\Foundation\Http\Middleware\VerifyCsrfToken.php(43): Illuminate\Pipeline\Pipeline->Illuminate\Pipeline\{closure}(Object(Illuminate\Http\Request))
#28 C:\wamp\www\Projects\MDCMS\app\Http\Middleware\VerifyCsrfToken.php(17): Illuminate\Foundation\Http\Middleware\VerifyCsrfToken->handle(Object(Illuminate\Http\Request), Object(Closure))
#29 C:\wamp\www\Projects\MDCMS\vendor\laravel\framework\src\Illuminate\Pipeline\Pipeline.php(125): App\Http\Middleware\VerifyCsrfToken->handle(Object(Illuminate\Http\Request), Object(Closure))
#30 C:\wamp\www\Projects\MDCMS\vendor\laravel\framework\src\Illuminate\View\Middleware\ShareErrorsFromSession.php(55): Illuminate\Pipeline\Pipeline->Illuminate\Pipeline\{closure}(Object(Illuminate\Http\Request))
#31 C:\wamp\www\Projects\MDCMS\vendor\laravel\framework\src\Illuminate\Pipeline\Pipeline.php(125): Illuminate\View\Middleware\ShareErrorsFromSession->handle(Object(Illuminate\Http\Request), Object(Closure))
#32 C:\wamp\www\Projects\MDCMS\vendor\laravel\framework\src\Illuminate\Session\Middleware\StartSession.php(61): Illuminate\Pipeline\Pipeline->Illuminate\Pipeline\{closure}(Object(Illuminate\Http\Request))
#33 C:\wamp\www\Projects\MDCMS\vendor\laravel\framework\src\Illuminate\Pipeline\Pipeline.php(125): Illuminate\Session\Middleware\StartSession->handle(Object(Illuminate\Http\Request), Object(Closure))
#34 C:\wamp\www\Projects\MDCMS\vendor\laravel\framework\src\Illuminate\Cookie\Middleware\AddQueuedCookiesToResponse.php(36): Illuminate\Pipeline\Pipeline->Illuminate\Pipeline\{closure}(Object(Illuminate\Http\Request))
#35 C:\wamp\www\Projects\MDCMS\vendor\laravel\framework\src\Illuminate\Pipeline\Pipeline.php(125): Illuminate\Cookie\Middleware\AddQueuedCookiesToResponse->handle(Object(Illuminate\Http\Request), Object(Closure))
#36 C:\wamp\www\Projects\MDCMS\vendor\laravel\framework\src\Illuminate\Cookie\Middleware\EncryptCookies.php(40): Illuminate\Pipeline\Pipeline->Illuminate\Pipeline\{closure}(Object(Illuminate\Http\Request))
#37 C:\wamp\www\Projects\MDCMS\vendor\laravel\framework\src\Illuminate\Pipeline\Pipeline.php(125): Illuminate\Cookie\Middleware\EncryptCookies->handle(Object(Illuminate\Http\Request), Object(Closure))
#38 C:\wamp\www\Projects\MDCMS\vendor\laravel\framework\src\Illuminate\Foundation\Http\Middleware\CheckForMaintenanceMode.php(42): Illuminate\Pipeline\Pipeline->Illuminate\Pipeline\{closure}(Object(Illuminate\Http\Request))
#39 C:\wamp\www\Projects\MDCMS\vendor\laravel\framework\src\Illuminate\Pipeline\Pipeline.php(125): Illuminate\Foundation\Http\Middleware\CheckForMaintenanceMode->handle(Object(Illuminate\Http\Request), Object(Closure))
#40 [internal function]: Illuminate\Pipeline\Pipeline->Illuminate\Pipeline\{closure}(Object(Illuminate\Http\Request))
#41 C:\wamp\www\Projects\MDCMS\vendor\laravel\framework\src\Illuminate\Pipeline\Pipeline.php(101): call_user_func(Object(Closure), Object(Illuminate\Http\Request))
#42 C:\wamp\www\Projects\MDCMS\vendor\laravel\framework\src\Illuminate\Foundation\Http\Kernel.php(115): Illuminate\Pipeline\Pipeline->then(Object(Closure))
#43 C:\wamp\www\Projects\MDCMS\vendor\laravel\framework\src\Illuminate\Foundation\Http\Kernel.php(84): Illuminate\Foundation\Http\Kernel->sendRequestThroughRouter(Object(Illuminate\Http\Request))
#44 C:\wamp\www\Projects\MDCMS\public\index.php(54): Illuminate\Foundation\Http\Kernel->handle(Object(Illuminate\Http\Request))
#45 C:\wamp\www\Projects\MDCMS\server.php(21): require_once('C:\\wamp\\www\\Pro...')
#46 {main}  
[2015-09-04 14:27:51] local.ERROR: exception 'Illuminate\Session\TokenMismatchException' in C:\wamp\www\Projects\MDCMS\vendor\laravel\framework\src\Illuminate\Foundation\Http\Middleware\VerifyCsrfToken.php:46
Stack trace:
#0 C:\wamp\www\Projects\MDCMS\app\Http\Middleware\VerifyCsrfToken.php(17): Illuminate\Foundation\Http\Middleware\VerifyCsrfToken->handle(Object(Illuminate\Http\Request), Object(Closure))
#1 C:\wamp\www\Projects\MDCMS\vendor\laravel\framework\src\Illuminate\Pipeline\Pipeline.php(125): App\Http\Middleware\VerifyCsrfToken->handle(Object(Illuminate\Http\Request), Object(Closure))
#2 C:\wamp\www\Projects\MDCMS\vendor\laravel\framework\src\Illuminate\View\Middleware\ShareErrorsFromSession.php(55): Illuminate\Pipeline\Pipeline->Illuminate\Pipeline\{closure}(Object(Illuminate\Http\Request))
#3 C:\wamp\www\Projects\MDCMS\vendor\laravel\framework\src\Illuminate\Pipeline\Pipeline.php(125): Illuminate\View\Middleware\ShareErrorsFromSession->handle(Object(Illuminate\Http\Request), Object(Closure))
#4 C:\wamp\www\Projects\MDCMS\vendor\laravel\framework\src\Illuminate\Session\Middleware\StartSession.php(61): Illuminate\Pipeline\Pipeline->Illuminate\Pipeline\{closure}(Object(Illuminate\Http\Request))
#5 C:\wamp\www\Projects\MDCMS\vendor\laravel\framework\src\Illuminate\Pipeline\Pipeline.php(125): Illuminate\Session\Middleware\StartSession->handle(Object(Illuminate\Http\Request), Object(Closure))
#6 C:\wamp\www\Projects\MDCMS\vendor\laravel\framework\src\Illuminate\Cookie\Middleware\AddQueuedCookiesToResponse.php(36): Illuminate\Pipeline\Pipeline->Illuminate\Pipeline\{closure}(Object(Illuminate\Http\Request))
#7 C:\wamp\www\Projects\MDCMS\vendor\laravel\framework\src\Illuminate\Pipeline\Pipeline.php(125): Illuminate\Cookie\Middleware\AddQueuedCookiesToResponse->handle(Object(Illuminate\Http\Request), Object(Closure))
#8 C:\wamp\www\Projects\MDCMS\vendor\laravel\framework\src\Illuminate\Cookie\Middleware\EncryptCookies.php(40): Illuminate\Pipeline\Pipeline->Illuminate\Pipeline\{closure}(Object(Illuminate\Http\Request))
#9 C:\wamp\www\Projects\MDCMS\vendor\laravel\framework\src\Illuminate\Pipeline\Pipeline.php(125): Illuminate\Cookie\Middleware\EncryptCookies->handle(Object(Illuminate\Http\Request), Object(Closure))
#10 C:\wamp\www\Projects\MDCMS\vendor\laravel\framework\src\Illuminate\Foundation\Http\Middleware\CheckForMaintenanceMode.php(42): Illuminate\Pipeline\Pipeline->Illuminate\Pipeline\{closure}(Object(Illuminate\Http\Request))
#11 C:\wamp\www\Projects\MDCMS\vendor\laravel\framework\src\Illuminate\Pipeline\Pipeline.php(125): Illuminate\Foundation\Http\Middleware\CheckForMaintenanceMode->handle(Object(Illuminate\Http\Request), Object(Closure))
#12 [internal function]: Illuminate\Pipeline\Pipeline->Illuminate\Pipeline\{closure}(Object(Illuminate\Http\Request))
#13 C:\wamp\www\Projects\MDCMS\vendor\laravel\framework\src\Illuminate\Pipeline\Pipeline.php(101): call_user_func(Object(Closure), Object(Illuminate\Http\Request))
#14 C:\wamp\www\Projects\MDCMS\vendor\laravel\framework\src\Illuminate\Foundation\Http\Kernel.php(115): Illuminate\Pipeline\Pipeline->then(Object(Closure))
#15 C:\wamp\www\Projects\MDCMS\vendor\laravel\framework\src\Illuminate\Foundation\Http\Kernel.php(84): Illuminate\Foundation\Http\Kernel->sendRequestThroughRouter(Object(Illuminate\Http\Request))
#16 C:\wamp\www\Projects\MDCMS\public\index.php(54): Illuminate\Foundation\Http\Kernel->handle(Object(Illuminate\Http\Request))
#17 C:\wamp\www\Projects\MDCMS\server.php(21): require_once('C:\\wamp\\www\\Pro...')
#18 {main}  
[2015-09-04 14:28:36] local.ERROR: exception 'InvalidArgumentException' with message 'Unexpected data found.
Trailing data' in C:\wamp\www\Projects\MDCMS\vendor\nesbot\carbon\src\Carbon\Carbon.php:414
Stack trace:
#0 C:\wamp\www\Projects\MDCMS\vendor\laravel\framework\src\Illuminate\Database\Eloquent\Model.php(2860): Carbon\Carbon::createFromFormat('Y-m-d H:i:s', '2015-09-04T14:2...')
#1 C:\wamp\www\Projects\MDCMS\vendor\laravel\framework\src\Illuminate\Database\Eloquent\Model.php(2787): Illuminate\Database\Eloquent\Model->fromDateTime('2015-09-04T14:2...')
#2 C:\wamp\www\Projects\MDCMS\vendor\laravel\framework\src\Illuminate\Database\Eloquent\Model.php(3275): Illuminate\Database\Eloquent\Model->setAttribute('soldDate', '2015-09-04T14:2...')
#3 C:\wamp\www\Projects\MDCMS\app\Http\Controllers\OrdersController.php(65): Illuminate\Database\Eloquent\Model->__set('soldDate', '2015-09-04T14:2...')
#4 [internal function]: App\Http\Controllers\OrdersController->create(Object(Illuminate\Http\Request))
#5 C:\wamp\www\Projects\MDCMS\vendor\laravel\framework\src\Illuminate\Routing\Controller.php(246): call_user_func_array(Array, Array)
#6 C:\wamp\www\Projects\MDCMS\vendor\laravel\framework\src\Illuminate\Routing\ControllerDispatcher.php(162): Illuminate\Routing\Controller->callAction('create', Array)
#7 C:\wamp\www\Projects\MDCMS\vendor\laravel\framework\src\Illuminate\Routing\ControllerDispatcher.php(107): Illuminate\Routing\ControllerDispatcher->call(Object(App\Http\Controllers\OrdersController), Object(Illuminate\Routing\Route), 'create')
#8 [internal function]: Illuminate\Routing\ControllerDispatcher->Illuminate\Routing\{closure}(Object(Illuminate\Http\Request))
#9 C:\wamp\www\Projects\MDCMS\vendor\laravel\framework\src\Illuminate\Pipeline\Pipeline.php(141): call_user_func(Object(Closure), Object(Illuminate\Http\Request))
#10 [internal function]: Illuminate\Pipeline\Pipeline->Illuminate\Pipeline\{closure}(Object(Illuminate\Http\Request))
#11 C:\wamp\www\Projects\MDCMS\vendor\laravel\framework\src\Illuminate\Pipeline\Pipeline.php(101): call_user_func(Object(Closure), Object(Illuminate\Http\Request))
#12 C:\wamp\www\Projects\MDCMS\vendor\laravel\framework\src\Illuminate\Routing\ControllerDispatcher.php(108): Illuminate\Pipeline\Pipeline->then(Object(Closure))
#13 C:\wamp\www\Projects\MDCMS\vendor\laravel\framework\src\Illuminate\Routing\ControllerDispatcher.php(67): Illuminate\Routing\ControllerDispatcher->callWithinStack(Object(App\Http\Controllers\OrdersController), Object(Illuminate\Routing\Route), Object(Illuminate\Http\Request), 'create')
#14 C:\wamp\www\Projects\MDCMS\vendor\laravel\framework\src\Illuminate\Routing\Route.php(204): Illuminate\Routing\ControllerDispatcher->dispatch(Object(Illuminate\Routing\Route), Object(Illuminate\Http\Request), 'App\\Http\\Contro...', 'create')
#15 C:\wamp\www\Projects\MDCMS\vendor\laravel\framework\src\Illuminate\Routing\Route.php(134): Illuminate\Routing\Route->runWithCustomDispatcher(Object(Illuminate\Http\Request))
#16 C:\wamp\www\Projects\MDCMS\vendor\laravel\framework\src\Illuminate\Routing\Router.php(701): Illuminate\Routing\Route->run(Object(Illuminate\Http\Request))
#17 [internal function]: Illuminate\Routing\Router->Illuminate\Routing\{closure}(Object(Illuminate\Http\Request))
#18 C:\wamp\www\Projects\MDCMS\vendor\laravel\framework\src\Illuminate\Pipeline\Pipeline.php(141): call_user_func(Object(Closure), Object(Illuminate\Http\Request))
#19 C:\wamp\www\Projects\MDCMS\app\Http\Middleware\Authenticate.php(49): Illuminate\Pipeline\Pipeline->Illuminate\Pipeline\{closure}(Object(Illuminate\Http\Request))
#20 C:\wamp\www\Projects\MDCMS\vendor\laravel\framework\src\Illuminate\Pipeline\Pipeline.php(125): App\Http\Middleware\Authenticate->handle(Object(Illuminate\Http\Request), Object(Closure))
#21 [internal function]: Illuminate\Pipeline\Pipeline->Illuminate\Pipeline\{closure}(Object(Illuminate\Http\Request))
#22 C:\wamp\www\Projects\MDCMS\vendor\laravel\framework\src\Illuminate\Pipeline\Pipeline.php(101): call_user_func(Object(Closure), Object(Illuminate\Http\Request))
#23 C:\wamp\www\Projects\MDCMS\vendor\laravel\framework\src\Illuminate\Routing\Router.php(703): Illuminate\Pipeline\Pipeline->then(Object(Closure))
#24 C:\wamp\www\Projects\MDCMS\vendor\laravel\framework\src\Illuminate\Routing\Router.php(670): Illuminate\Routing\Router->runRouteWithinStack(Object(Illuminate\Routing\Route), Object(Illuminate\Http\Request))
#25 C:\wamp\www\Projects\MDCMS\vendor\laravel\framework\src\Illuminate\Routing\Router.php(628): Illuminate\Routing\Router->dispatchToRoute(Object(Illuminate\Http\Request))
#26 C:\wamp\www\Projects\MDCMS\vendor\laravel\framework\src\Illuminate\Foundation\Http\Kernel.php(214): Illuminate\Routing\Router->dispatch(Object(Illuminate\Http\Request))
#27 [internal function]: Illuminate\Foundation\Http\Kernel->Illuminate\Foundation\Http\{closure}(Object(Illuminate\Http\Request))
#28 C:\wamp\www\Projects\MDCMS\vendor\laravel\framework\src\Illuminate\Pipeline\Pipeline.php(141): call_user_func(Object(Closure), Object(Illuminate\Http\Request))
#29 C:\wamp\www\Projects\MDCMS\vendor\laravel\framework\src\Illuminate\Foundation\Http\Middleware\VerifyCsrfToken.php(43): Illuminate\Pipeline\Pipeline->Illuminate\Pipeline\{closure}(Object(Illuminate\Http\Request))
#30 C:\wamp\www\Projects\MDCMS\app\Http\Middleware\VerifyCsrfToken.php(17): Illuminate\Foundation\Http\Middleware\VerifyCsrfToken->handle(Object(Illuminate\Http\Request), Object(Closure))
#31 C:\wamp\www\Projects\MDCMS\vendor\laravel\framework\src\Illuminate\Pipeline\Pipeline.php(125): App\Http\Middleware\VerifyCsrfToken->handle(Object(Illuminate\Http\Request), Object(Closure))
#32 C:\wamp\www\Projects\MDCMS\vendor\laravel\framework\src\Illuminate\View\Middleware\ShareErrorsFromSession.php(55): Illuminate\Pipeline\Pipeline->Illuminate\Pipeline\{closure}(Object(Illuminate\Http\Request))
#33 C:\wamp\www\Projects\MDCMS\vendor\laravel\framework\src\Illuminate\Pipeline\Pipeline.php(125): Illuminate\View\Middleware\ShareErrorsFromSession->handle(Object(Illuminate\Http\Request), Object(Closure))
#34 C:\wamp\www\Projects\MDCMS\vendor\laravel\framework\src\Illuminate\Session\Middleware\StartSession.php(61): Illuminate\Pipeline\Pipeline->Illuminate\Pipeline\{closure}(Object(Illuminate\Http\Request))
#35 C:\wamp\www\Projects\MDCMS\vendor\laravel\framework\src\Illuminate\Pipeline\Pipeline.php(125): Illuminate\Session\Middleware\StartSession->handle(Object(Illuminate\Http\Request), Object(Closure))
#36 C:\wamp\www\Projects\MDCMS\vendor\laravel\framework\src\Illuminate\Cookie\Middleware\AddQueuedCookiesToResponse.php(36): Illuminate\Pipeline\Pipeline->Illuminate\Pipeline\{closure}(Object(Illuminate\Http\Request))
#37 C:\wamp\www\Projects\MDCMS\vendor\laravel\framework\src\Illuminate\Pipeline\Pipeline.php(125): Illuminate\Cookie\Middleware\AddQueuedCookiesToResponse->handle(Object(Illuminate\Http\Request), Object(Closure))
#38 C:\wamp\www\Projects\MDCMS\vendor\laravel\framework\src\Illuminate\Cookie\Middleware\EncryptCookies.php(40): Illuminate\Pipeline\Pipeline->Illuminate\Pipeline\{closure}(Object(Illuminate\Http\Request))
#39 C:\wamp\www\Projects\MDCMS\vendor\laravel\framework\src\Illuminate\Pipeline\Pipeline.php(125): Illuminate\Cookie\Middleware\EncryptCookies->handle(Object(Illuminate\Http\Request), Object(Closure))
#40 C:\wamp\www\Projects\MDCMS\vendor\laravel\framework\src\Illuminate\Foundation\Http\Middleware\CheckForMaintenanceMode.php(42): Illuminate\Pipeline\Pipeline->Illuminate\Pipeline\{closure}(Object(Illuminate\Http\Request))
#41 C:\wamp\www\Projects\MDCMS\vendor\laravel\framework\src\Illuminate\Pipeline\Pipeline.php(125): Illuminate\Foundation\Http\Middleware\CheckForMaintenanceMode->handle(Object(Illuminate\Http\Request), Object(Closure))
#42 [internal function]: Illuminate\Pipeline\Pipeline->Illuminate\Pipeline\{closure}(Object(Illuminate\Http\Request))
#43 C:\wamp\www\Projects\MDCMS\vendor\laravel\framework\src\Illuminate\Pipeline\Pipeline.php(101): call_user_func(Object(Closure), Object(Illuminate\Http\Request))
#44 C:\wamp\www\Projects\MDCMS\vendor\laravel\framework\src\Illuminate\Foundation\Http\Kernel.php(115): Illuminate\Pipeline\Pipeline->then(Object(Closure))
#45 C:\wamp\www\Projects\MDCMS\vendor\laravel\framework\src\Illuminate\Foundation\Http\Kernel.php(84): Illuminate\Foundation\Http\Kernel->sendRequestThroughRouter(Object(Illuminate\Http\Request))
#46 C:\wamp\www\Projects\MDCMS\public\index.php(54): Illuminate\Foundation\Http\Kernel->handle(Object(Illuminate\Http\Request))
#47 C:\wamp\www\Projects\MDCMS\server.php(21): require_once('C:\\wamp\\www\\Pro...')
#48 {main}  
